{
  "stats": {
    "suites": 1,
    "tests": 94,
    "passes": 89,
    "pending": 0,
    "failures": 5,
    "start": "2024-01-11T03:34:30.688Z",
    "end": "2024-01-11T03:40:04.224Z",
    "duration": 333536,
    "testsRegistered": 94,
    "passPercent": 94.68085106382979,
    "pendingPercent": 0,
    "other": 0,
    "hasOther": false,
    "skipped": 0,
    "hasSkipped": false
  },
  "results": [
    {
      "uuid": "4875a088-870c-4096-ac1c-f1176a2f0802",
      "title": "",
      "fullFile": "cypress\\e2e\\scripts\\JM_Products.cy.js",
      "file": "cypress\\e2e\\scripts\\JM_Products.cy.js",
      "beforeHooks": [],
      "afterHooks": [],
      "tests": [],
      "suites": [
        {
          "uuid": "fc753359-df21-4954-8107-a12ee4c97b38",
          "title": "Products_And_SubCategories",
          "fullFile": "",
          "file": "",
          "beforeHooks": [],
          "afterHooks": [],
          "tests": [
            {
              "title": "Check_Labortory_Subcategories_Adaptors or linkers",
              "fullTitle": "Products_And_SubCategories Check_Labortory_Subcategories_Adaptors or linkers",
              "timedOut": null,
              "duration": 5082,
              "state": "passed",
              "speed": "medium",
              "pass": true,
              "fail": false,
              "pending": false,
              "context": null,
              "code": "cy.viewport(1300, 660);\ncy.visit(\"https://www.johnmorrisgroup.com/products/laboratory?categoryId=68277\");\nproducts.clickadaptorsOrLinkers();\ncy.clearCookies();",
              "err": {},
              "uuid": "cfea2c28-2aad-4728-b0ad-479456ec6390",
              "parentUUID": "fc753359-df21-4954-8107-a12ee4c97b38",
              "isHook": false,
              "skipped": false
            },
            {
              "title": "Check_Labortory_Subcategories_Air compressors",
              "fullTitle": "Products_And_SubCategories Check_Labortory_Subcategories_Air compressors",
              "timedOut": null,
              "duration": 1981,
              "state": "passed",
              "speed": "fast",
              "pass": true,
              "fail": false,
              "pending": false,
              "context": null,
              "code": "cy.viewport(1300, 660);\ncy.visit(\"https://www.johnmorrisgroup.com/products/laboratory?categoryId=68277\");\nproducts.clickAircompressors();\ncy.clearCookies();",
              "err": {},
              "uuid": "365aa1f3-37c6-4b43-9052-55e2a39d1ff9",
              "parentUUID": "fc753359-df21-4954-8107-a12ee4c97b38",
              "isHook": false,
              "skipped": false
            },
            {
              "title": "Check_Labortory_Subcategories_Bench protectors or liners",
              "fullTitle": "Products_And_SubCategories Check_Labortory_Subcategories_Bench protectors or liners",
              "timedOut": null,
              "duration": 3022,
              "state": "passed",
              "speed": "fast",
              "pass": true,
              "fail": false,
              "pending": false,
              "context": null,
              "code": "cy.viewport(1300, 660);\ncy.visit(\"https://www.johnmorrisgroup.com/products/laboratory?categoryId=68277\");\nproducts.clickBenchprotectorsorliners();\ncy.clearCookies();",
              "err": {},
              "uuid": "b4e2fab6-3789-4c7d-81c5-650809698996",
              "parentUUID": "fc753359-df21-4954-8107-a12ee4c97b38",
              "isHook": false,
              "skipped": false
            },
            {
              "title": "Check_Labortory_Subcategories_Bench scales",
              "fullTitle": "Products_And_SubCategories Check_Labortory_Subcategories_Bench scales",
              "timedOut": null,
              "duration": 4884,
              "state": "passed",
              "speed": "fast",
              "pass": true,
              "fail": false,
              "pending": false,
              "context": null,
              "code": "cy.viewport(1300, 660);\ncy.visit(\"https://www.johnmorrisgroup.com/products/laboratory?categoryId=68277\");\nproducts.clickBenchscales();\ncy.clearCookies();",
              "err": {},
              "uuid": "02008950-7115-4e04-b79a-c32c494b4b39",
              "parentUUID": "fc753359-df21-4954-8107-a12ee4c97b38",
              "isHook": false,
              "skipped": false
            },
            {
              "title": "Check_Labortory_Subcategories_Benchtop centrifuges",
              "fullTitle": "Products_And_SubCategories Check_Labortory_Subcategories_Benchtop centrifuges",
              "timedOut": null,
              "duration": 6347,
              "state": "passed",
              "speed": "medium",
              "pass": true,
              "fail": false,
              "pending": false,
              "context": null,
              "code": "cy.viewport(1300, 660);\ncy.visit(\"https://www.johnmorrisgroup.com/products/laboratory?categoryId=68277\");\nproducts.clickBenchtopcentrifuges();\ncy.clearCookies();",
              "err": {},
              "uuid": "a375c2fb-1ca6-4232-93f8-8f5412b2ba2a",
              "parentUUID": "fc753359-df21-4954-8107-a12ee4c97b38",
              "isHook": false,
              "skipped": false
            },
            {
              "title": "Check_Labortory_Subcategories_Binocular light compound microscopes",
              "fullTitle": "Products_And_SubCategories Check_Labortory_Subcategories_Binocular light compound microscopes",
              "timedOut": null,
              "duration": 11375,
              "state": "passed",
              "speed": "slow",
              "pass": true,
              "fail": false,
              "pending": false,
              "context": null,
              "code": "cy.viewport(1300, 660);\ncy.visit(\"https://www.johnmorrisgroup.com/products/laboratory?categoryId=68277\");\nproducts.clickBinocularlightcompoundmicroscopes();\ncy.clearCookies();",
              "err": {},
              "uuid": "11625c9c-780f-4a72-b390-db314956af71",
              "parentUUID": "fc753359-df21-4954-8107-a12ee4c97b38",
              "isHook": false,
              "skipped": false
            },
            {
              "title": "Check_Labortory_Subcategories_Biological safety cabinet",
              "fullTitle": "Products_And_SubCategories Check_Labortory_Subcategories_Biological safety cabinet",
              "timedOut": null,
              "duration": 5542,
              "state": "passed",
              "speed": "medium",
              "pass": true,
              "fail": false,
              "pending": false,
              "context": null,
              "code": "cy.viewport(1300, 660);\ncy.visit(\"https://www.johnmorrisgroup.com/products/laboratory?categoryId=68277\");\nproducts.clickBiologicalsafetycabinet();\ncy.clearCookies();",
              "err": {},
              "uuid": "a3915264-67da-4dd2-bee3-a68d138be2f3",
              "parentUUID": "fc753359-df21-4954-8107-a12ee4c97b38",
              "isHook": false,
              "skipped": false
            },
            {
              "title": "Check_Labortory_Subcategories_Blotting membranes",
              "fullTitle": "Products_And_SubCategories Check_Labortory_Subcategories_Blotting membranes",
              "timedOut": null,
              "duration": 4324,
              "state": "passed",
              "speed": "fast",
              "pass": true,
              "fail": false,
              "pending": false,
              "context": null,
              "code": "cy.viewport(1300, 660);\ncy.visit(\"https://www.johnmorrisgroup.com/products/laboratory?categoryId=68277\");\nproducts.clickBlottingmembranes();\ncy.clearCookies();",
              "err": {},
              "uuid": "7c13513e-0159-420a-90e4-7996c21450b8",
              "parentUUID": "fc753359-df21-4954-8107-a12ee4c97b38",
              "isHook": false,
              "skipped": false
            },
            {
              "title": "Check_Labortory_Subcategories_Bottle cappers or cotton inserters or safety seal applicators",
              "fullTitle": "Products_And_SubCategories Check_Labortory_Subcategories_Bottle cappers or cotton inserters or safety seal applicators",
              "timedOut": null,
              "duration": 4323,
              "state": "passed",
              "speed": "fast",
              "pass": true,
              "fail": false,
              "pending": false,
              "context": null,
              "code": "cy.viewport(1300, 660);\ncy.visit(\"https://www.johnmorrisgroup.com/products/laboratory?categoryId=68277\");\nproducts.clickBottlecappers();\ncy.clearCookies();",
              "err": {},
              "uuid": "b118ba13-04bf-45a3-961b-4ccc40331d57",
              "parentUUID": "fc753359-df21-4954-8107-a12ee4c97b38",
              "isHook": false,
              "skipped": false
            },
            {
              "title": "Check_Labortory_Subcategories_Bottle top dispensers",
              "fullTitle": "Products_And_SubCategories Check_Labortory_Subcategories_Bottle top dispensers",
              "timedOut": null,
              "duration": 4175,
              "state": "passed",
              "speed": "fast",
              "pass": true,
              "fail": false,
              "pending": false,
              "context": null,
              "code": "cy.viewport(1300, 660);\ncy.visit(\"https://www.johnmorrisgroup.com/products/laboratory?categoryId=68277\");\nproducts.clickBottletopdispensers();\ncy.clearCookies();",
              "err": {},
              "uuid": "0286166e-9f02-4fef-a212-b7db38bb8cb3",
              "parentUUID": "fc753359-df21-4954-8107-a12ee4c97b38",
              "isHook": false,
              "skipped": false
            },
            {
              "title": "Check_Labortory_Subcategories_Bottletops or filtration cups",
              "fullTitle": "Products_And_SubCategories Check_Labortory_Subcategories_Bottletops or filtration cups",
              "timedOut": null,
              "duration": 2624,
              "state": "passed",
              "speed": "fast",
              "pass": true,
              "fail": false,
              "pending": false,
              "context": null,
              "code": "cy.viewport(1300, 660);\ncy.visit(\"https://www.johnmorrisgroup.com/products/laboratory?categoryId=68277\");\nproducts.clickBottletopsorfiltrationcups();\ncy.clearCookies();",
              "err": {},
              "uuid": "3dd0101d-72f1-4178-8088-7222f88511e2",
              "parentUUID": "fc753359-df21-4954-8107-a12ee4c97b38",
              "isHook": false,
              "skipped": false
            },
            {
              "title": "Check_Labortory_Subcategories_Cabinet desiccators",
              "fullTitle": "Products_And_SubCategories Check_Labortory_Subcategories_Cabinet desiccators",
              "timedOut": null,
              "duration": 3899,
              "state": "passed",
              "speed": "fast",
              "pass": true,
              "fail": false,
              "pending": false,
              "context": null,
              "code": "cy.viewport(1300, 660);\ncy.visit(\"https://www.johnmorrisgroup.com/products/laboratory?categoryId=68277\");\nproducts.clickCabinetdesiccators();\ncy.clearCookies();",
              "err": {},
              "uuid": "af631ae0-0161-48a1-bd9f-2de43a7ec2a3",
              "parentUUID": "fc753359-df21-4954-8107-a12ee4c97b38",
              "isHook": false,
              "skipped": false
            },
            {
              "title": "Check_Labortory_Subcategories_Aluminum foil",
              "fullTitle": "Products_And_SubCategories Check_Labortory_Subcategories_Aluminum foil",
              "timedOut": null,
              "duration": 3581,
              "state": "passed",
              "speed": "fast",
              "pass": true,
              "fail": false,
              "pending": false,
              "context": null,
              "code": "cy.viewport(1300, 660);\ncy.visit(\"https://www.johnmorrisgroup.com/products/laboratory?categoryId=68277\");\nproducts.clickAluminumfoil();\ncy.clearCookies();",
              "err": {},
              "uuid": "14dc263e-43b7-45dd-9afb-c8151a0a8815",
              "parentUUID": "fc753359-df21-4954-8107-a12ee4c97b38",
              "isHook": false,
              "skipped": false
            },
            {
              "title": "Check_Labortory_Subcategories_Anaerobic environmental culture systems or supplies",
              "fullTitle": "Products_And_SubCategories Check_Labortory_Subcategories_Anaerobic environmental culture systems or supplies",
              "timedOut": null,
              "duration": 3313,
              "state": "passed",
              "speed": "fast",
              "pass": true,
              "fail": false,
              "pending": false,
              "context": null,
              "code": "cy.viewport(1300, 660);\ncy.visit(\"https://www.johnmorrisgroup.com/products/laboratory?categoryId=68277\");\nproducts.clickAnaerobicenvironmental();\ncy.clearCookies();",
              "err": {},
              "uuid": "09b7428f-3dc3-4b18-b0c4-64b0fcbf6650",
              "parentUUID": "fc753359-df21-4954-8107-a12ee4c97b38",
              "isHook": false,
              "skipped": false
            },
            {
              "title": "Check_Labortory_Subcategories_Analytical balances",
              "fullTitle": "Products_And_SubCategories Check_Labortory_Subcategories_Analytical balances",
              "timedOut": null,
              "duration": 2898,
              "state": "passed",
              "speed": "fast",
              "pass": true,
              "fail": false,
              "pending": false,
              "context": null,
              "code": "cy.viewport(1300, 660);\ncy.visit(\"https://www.johnmorrisgroup.com/products/laboratory?categoryId=68277\");\nproducts.clickAnalyticalbalances();\ncy.clearCookies();",
              "err": {},
              "uuid": "3d2cdb8b-aed0-445d-98d1-cdcdadafa979",
              "parentUUID": "fc753359-df21-4954-8107-a12ee4c97b38",
              "isHook": false,
              "skipped": false
            },
            {
              "title": "Check_Labortory_Subcategories_Anemometers",
              "fullTitle": "Products_And_SubCategories Check_Labortory_Subcategories_Anemometers",
              "timedOut": null,
              "duration": 5742,
              "state": "failed",
              "speed": null,
              "pass": false,
              "fail": true,
              "pending": false,
              "context": null,
              "code": "cy.viewport(1300, 660);\ncy.visit(\"https://www.johnmorrisgroup.com/products/laboratory?categoryId=68277\");\nproducts.clickAnemometers();\ncy.clearCookies();",
              "err": {
                "message": "AssertionError: Timed out retrying after 4000ms: Expected to find element: `h4`, but never found it.",
                "estack": "AssertionError: Timed out retrying after 4000ms: Expected to find element: `h4`, but never found it.\n    at JM_ProductFun.clickAnemometers (webpack://john_morris_revamp/./cypress/e2e/functions/JM_ProductFun.js:85:7)\n    at Context.eval (webpack://john_morris_revamp/./cypress/e2e/scripts/JM_Products.cy.js:163:13)",
                "diff": null
              },
              "uuid": "47673b8c-8652-47bb-8dec-7a7ad5a498bf",
              "parentUUID": "fc753359-df21-4954-8107-a12ee4c97b38",
              "isHook": false,
              "skipped": false
            },
            {
              "title": "Check_Labortory_Subcategories_Calibration sources",
              "fullTitle": "Products_And_SubCategories Check_Labortory_Subcategories_Calibration sources",
              "timedOut": null,
              "duration": 3038,
              "state": "passed",
              "speed": "fast",
              "pass": true,
              "fail": false,
              "pending": false,
              "context": null,
              "code": "cy.viewport(1300, 660);\ncy.visit(\"https://www.johnmorrisgroup.com/products/laboratory?categoryId=68277\");\nproducts.clickCalibrationsources();\ncy.clearCookies();",
              "err": {},
              "uuid": "7ffe02a1-e460-4b37-902f-8fe288307c21",
              "parentUUID": "fc753359-df21-4954-8107-a12ee4c97b38",
              "isHook": false,
              "skipped": false
            },
            {
              "title": "Check_Labortory_Subcategories_Calibration weights or weight sets",
              "fullTitle": "Products_And_SubCategories Check_Labortory_Subcategories_Calibration weights or weight sets",
              "timedOut": null,
              "duration": 3129,
              "state": "passed",
              "speed": "fast",
              "pass": true,
              "fail": false,
              "pending": false,
              "context": null,
              "code": "cy.viewport(1300, 660);\ncy.visit(\"https://www.johnmorrisgroup.com/products/laboratory?categoryId=68277\");\nproducts.clickCalibrationweightsorweightsets();\ncy.clearCookies();",
              "err": {},
              "uuid": "8c8a45e0-94fb-402d-ad3f-5e649564ec28",
              "parentUUID": "fc753359-df21-4954-8107-a12ee4c97b38",
              "isHook": false,
              "skipped": false
            },
            {
              "title": "Check_Labortory_Subcategories_Calorimeters",
              "fullTitle": "Products_And_SubCategories Check_Labortory_Subcategories_Calorimeters",
              "timedOut": null,
              "duration": 3046,
              "state": "passed",
              "speed": "fast",
              "pass": true,
              "fail": false,
              "pending": false,
              "context": null,
              "code": "cy.viewport(1300, 660);\ncy.visit(\"https://www.johnmorrisgroup.com/products/laboratory?categoryId=68277\");\nproducts.clickCalorimeters();\ncy.clearCookies();",
              "err": {},
              "uuid": "f6d1e5f5-9eaf-4d4f-b807-3490ec5ea5ff",
              "parentUUID": "fc753359-df21-4954-8107-a12ee4c97b38",
              "isHook": false,
              "skipped": false
            },
            {
              "title": "Check_Labortory_Subcategories_Capillaries or cartridges",
              "fullTitle": "Products_And_SubCategories Check_Labortory_Subcategories_Capillaries or cartridges",
              "timedOut": null,
              "duration": 3612,
              "state": "passed",
              "speed": "fast",
              "pass": true,
              "fail": false,
              "pending": false,
              "context": null,
              "code": "cy.viewport(1300, 660);\ncy.visit(\"https://www.johnmorrisgroup.com/products/laboratory?categoryId=68277\");\nproducts.clickCapillariesorcartridges();\ncy.clearCookies();",
              "err": {},
              "uuid": "df637723-4c10-436e-a17b-d14cb25e483e",
              "parentUUID": "fc753359-df21-4954-8107-a12ee4c97b38",
              "isHook": false,
              "skipped": false
            },
            {
              "title": "Check_Labortory_Subcategories_Ball mills",
              "fullTitle": "Products_And_SubCategories Check_Labortory_Subcategories_Ball mills",
              "timedOut": null,
              "duration": 3141,
              "state": "passed",
              "speed": "fast",
              "pass": true,
              "fail": false,
              "pending": false,
              "context": null,
              "code": "cy.viewport(1300, 660);\ncy.visit(\"https://www.johnmorrisgroup.com/products/laboratory?categoryId=68277\");\nproducts.clickBallmills();\ncy.clearCookies();",
              "err": {},
              "uuid": "ea1b61de-519e-43a1-ac60-26cd2e4279e6",
              "parentUUID": "fc753359-df21-4954-8107-a12ee4c97b38",
              "isHook": false,
              "skipped": false
            },
            {
              "title": "Check_Labortory_Subcategories_Capillary or hematocrit tubes",
              "fullTitle": "Products_And_SubCategories Check_Labortory_Subcategories_Capillary or hematocrit tubes",
              "timedOut": null,
              "duration": 3204,
              "state": "passed",
              "speed": "fast",
              "pass": true,
              "fail": false,
              "pending": false,
              "context": null,
              "code": "cy.viewport(1300, 660);\ncy.visit(\"https://www.johnmorrisgroup.com/products/laboratory?categoryId=68277\");\nproducts.clickCapillaryorhematocrittubes();\ncy.clearCookies();",
              "err": {},
              "uuid": "e27e0f87-3841-49cd-b52a-6b728499d2f8",
              "parentUUID": "fc753359-df21-4954-8107-a12ee4c97b38",
              "isHook": false,
              "skipped": false
            },
            {
              "title": "Check_Labortory_Subcategories_Caps or tops",
              "fullTitle": "Products_And_SubCategories Check_Labortory_Subcategories_Caps or tops",
              "timedOut": null,
              "duration": 3511,
              "state": "passed",
              "speed": "fast",
              "pass": true,
              "fail": false,
              "pending": false,
              "context": null,
              "code": "cy.viewport(1300, 660);\ncy.visit(\"https://www.johnmorrisgroup.com/products/laboratory?categoryId=68277\");\nproducts.clickCapsortops();\ncy.clearCookies();",
              "err": {},
              "uuid": "5e882253-8233-4b0b-bffa-0aecdc01ecc8",
              "parentUUID": "fc753359-df21-4954-8107-a12ee4c97b38",
              "isHook": false,
              "skipped": false
            },
            {
              "title": "Check_Labortory_Subcategories_Centrifuge buckets",
              "fullTitle": "Products_And_SubCategories Check_Labortory_Subcategories_Centrifuge buckets",
              "timedOut": null,
              "duration": 4933,
              "state": "passed",
              "speed": "fast",
              "pass": true,
              "fail": false,
              "pending": false,
              "context": null,
              "code": "cy.viewport(1300, 660);\ncy.visit(\"https://www.johnmorrisgroup.com/products/laboratory?categoryId=68277\");\nproducts.clickCentrifugebuckets();\ncy.clearCookies();",
              "err": {},
              "uuid": "015aeb54-b62c-4124-ae71-9c55e219b56e",
              "parentUUID": "fc753359-df21-4954-8107-a12ee4c97b38",
              "isHook": false,
              "skipped": false
            },
            {
              "title": "Check_Labortory_Subcategories_Capsules filters",
              "fullTitle": "Products_And_SubCategories Check_Labortory_Subcategories_Capsules filters",
              "timedOut": null,
              "duration": 2999,
              "state": "passed",
              "speed": "fast",
              "pass": true,
              "fail": false,
              "pending": false,
              "context": null,
              "code": "cy.viewport(1300, 660);\ncy.visit(\"https://www.johnmorrisgroup.com/products/laboratory?categoryId=68277\");\nproducts.clickCapsulesfilters();\ncy.clearCookies();",
              "err": {},
              "uuid": "9733d762-8e72-4207-9b9b-591acfcfed9d",
              "parentUUID": "fc753359-df21-4954-8107-a12ee4c97b38",
              "isHook": false,
              "skipped": false
            },
            {
              "title": "Check_Labortory_Subcategories_Carbon_dioxide incubator",
              "fullTitle": "Products_And_SubCategories Check_Labortory_Subcategories_Carbon_dioxide incubator",
              "timedOut": null,
              "duration": 2580,
              "state": "passed",
              "speed": "fast",
              "pass": true,
              "fail": false,
              "pending": false,
              "context": null,
              "code": "cy.viewport(1300, 660);\ncy.visit(\"https://www.johnmorrisgroup.com/products/laboratory?categoryId=68277\");\nproducts.clickCarbondioxideincubator();\ncy.clearCookies();",
              "err": {},
              "uuid": "9cb1c217-a1e8-426b-8e84-ca544253a4f5",
              "parentUUID": "fc753359-df21-4954-8107-a12ee4c97b38",
              "isHook": false,
              "skipped": false
            },
            {
              "title": "Check_Labortory_Subcategories_Carts",
              "fullTitle": "Products_And_SubCategories Check_Labortory_Subcategories_Carts",
              "timedOut": null,
              "duration": 3584,
              "state": "passed",
              "speed": "fast",
              "pass": true,
              "fail": false,
              "pending": false,
              "context": null,
              "code": "cy.viewport(1300, 660);\ncy.visit(\"https://www.johnmorrisgroup.com/products/laboratory?categoryId=68277\");\nproducts.clickCarts();\ncy.clearCookies();",
              "err": {},
              "uuid": "68b767ee-2391-4ee2-8875-8aa72af351d6",
              "parentUUID": "fc753359-df21-4954-8107-a12ee4c97b38",
              "isHook": false,
              "skipped": false
            },
            {
              "title": "Check_Labortory_Subcategories_Cell culture glass capillary tube",
              "fullTitle": "Products_And_SubCategories Check_Labortory_Subcategories_Cell culture glass capillary tube",
              "timedOut": null,
              "duration": 3103,
              "state": "passed",
              "speed": "fast",
              "pass": true,
              "fail": false,
              "pending": false,
              "context": null,
              "code": "cy.viewport(1300, 660);\ncy.visit(\"https://www.johnmorrisgroup.com/products/laboratory?categoryId=68277\");\nproducts.clickCellcultureglasscapillarytube();\ncy.clearCookies();",
              "err": {},
              "uuid": "0ea7014e-f479-40dc-ac7f-00647128015f",
              "parentUUID": "fc753359-df21-4954-8107-a12ee4c97b38",
              "isHook": false,
              "skipped": false
            },
            {
              "title": "Check_Labortory_Subcategories_Cell scrapers",
              "fullTitle": "Products_And_SubCategories Check_Labortory_Subcategories_Cell scrapers",
              "timedOut": null,
              "duration": 3465,
              "state": "passed",
              "speed": "fast",
              "pass": true,
              "fail": false,
              "pending": false,
              "context": null,
              "code": "cy.viewport(1300, 660);\ncy.visit(\"https://www.johnmorrisgroup.com/products/laboratory?categoryId=68277\");\nproducts.clickCellscrapers();\ncy.clearCookies();",
              "err": {},
              "uuid": "30fa2979-ccb0-4f56-8b03-95596e016b35",
              "parentUUID": "fc753359-df21-4954-8107-a12ee4c97b38",
              "isHook": false,
              "skipped": false
            },
            {
              "title": "Check_Labortory_Subcategories_Centrifugal filters",
              "fullTitle": "Products_And_SubCategories Check_Labortory_Subcategories_Centrifugal filters",
              "timedOut": null,
              "duration": 4840,
              "state": "passed",
              "speed": "fast",
              "pass": true,
              "fail": false,
              "pending": false,
              "context": null,
              "code": "cy.viewport(1300, 660);\ncy.visit(\"https://www.johnmorrisgroup.com/products/laboratory?categoryId=68277\");\nproducts.clickCentrifugalfilters();\ncy.clearCookies();",
              "err": {},
              "uuid": "f4dbda5a-1c18-4a2a-a2a4-bcd9ec799f6f",
              "parentUUID": "fc753359-df21-4954-8107-a12ee4c97b38",
              "isHook": false,
              "skipped": false
            },
            {
              "title": "Check_Labortory_Subcategories_Centrifuge adapters",
              "fullTitle": "Products_And_SubCategories Check_Labortory_Subcategories_Centrifuge adapters",
              "timedOut": null,
              "duration": 4173,
              "state": "passed",
              "speed": "fast",
              "pass": true,
              "fail": false,
              "pending": false,
              "context": null,
              "code": "cy.viewport(1300, 660);\ncy.visit(\"https://www.johnmorrisgroup.com/products/laboratory?categoryId=68277\");\nproducts.clickCentrifugeadapters();\ncy.clearCookies();",
              "err": {},
              "uuid": "fc3746b2-9481-4111-8624-92bd24eb0673",
              "parentUUID": "fc753359-df21-4954-8107-a12ee4c97b38",
              "isHook": false,
              "skipped": false
            },
            {
              "title": "Check_Labortory_Subcategories_Centrifuge rotors",
              "fullTitle": "Products_And_SubCategories Check_Labortory_Subcategories_Centrifuge rotors",
              "timedOut": null,
              "duration": 3343,
              "state": "passed",
              "speed": "fast",
              "pass": true,
              "fail": false,
              "pending": false,
              "context": null,
              "code": "cy.viewport(1300, 660);\ncy.visit(\"https://www.johnmorrisgroup.com/products/laboratory?categoryId=68277\");\nproducts.clickCentrifugerotors();\ncy.clearCookies();",
              "err": {},
              "uuid": "0b990dd7-d755-48ab-b3a1-18448e66b949",
              "parentUUID": "fc753359-df21-4954-8107-a12ee4c97b38",
              "isHook": false,
              "skipped": false
            },
            {
              "title": "Check_Labortory_Subcategories_Centrifuge tubes",
              "fullTitle": "Products_And_SubCategories Check_Labortory_Subcategories_Centrifuge tubes",
              "timedOut": null,
              "duration": 3039,
              "state": "passed",
              "speed": "fast",
              "pass": true,
              "fail": false,
              "pending": false,
              "context": null,
              "code": "cy.viewport(1300, 660);\ncy.visit(\"https://www.johnmorrisgroup.com/products/laboratory?categoryId=68277\");\nproducts.clickCentrifugetubes();\ncy.clearCookies();",
              "err": {},
              "uuid": "0048aefb-6c87-4e45-9f4e-380b86d9fb39",
              "parentUUID": "fc753359-df21-4954-8107-a12ee4c97b38",
              "isHook": false,
              "skipped": false
            },
            {
              "title": "Check_Labortory_Subcategories_Centrifuges",
              "fullTitle": "Products_And_SubCategories Check_Labortory_Subcategories_Centrifuges",
              "timedOut": null,
              "duration": 3240,
              "state": "passed",
              "speed": "fast",
              "pass": true,
              "fail": false,
              "pending": false,
              "context": null,
              "code": "cy.viewport(1300, 660);\ncy.visit(\"https://www.johnmorrisgroup.com/products/laboratory?categoryId=68277\");\nproducts.clickCentrifuges();\ncy.clearCookies();",
              "err": {},
              "uuid": "f4ec4e2e-94c2-4f0e-b1d1-f0b38cdaf97b",
              "parentUUID": "fc753359-df21-4954-8107-a12ee4c97b38",
              "isHook": false,
              "skipped": false
            },
            {
              "title": "Check_Labortory_Subcategories_Ceramic crucibles",
              "fullTitle": "Products_And_SubCategories Check_Labortory_Subcategories_Ceramic crucibles",
              "timedOut": null,
              "duration": 3307,
              "state": "passed",
              "speed": "fast",
              "pass": true,
              "fail": false,
              "pending": false,
              "context": null,
              "code": "cy.viewport(1300, 660);\ncy.visit(\"https://www.johnmorrisgroup.com/products/laboratory?categoryId=68277\");\nproducts.clickCeramiccrucibles();\ncy.clearCookies();",
              "err": {},
              "uuid": "f5f1dbf9-9601-4a66-af6e-393ca8d0b422",
              "parentUUID": "fc753359-df21-4954-8107-a12ee4c97b38",
              "isHook": false,
              "skipped": false
            },
            {
              "title": "Check_Labortory_Subcategories_Chart recorders",
              "fullTitle": "Products_And_SubCategories Check_Labortory_Subcategories_Chart recorders",
              "timedOut": null,
              "duration": 2406,
              "state": "passed",
              "speed": "fast",
              "pass": true,
              "fail": false,
              "pending": false,
              "context": null,
              "code": "cy.viewport(1300, 660);\ncy.visit(\"https://www.johnmorrisgroup.com/products/laboratory?categoryId=68277\");\nproducts.clickChartrecorders();\ncy.clearCookies();",
              "err": {},
              "uuid": "7750a3d9-fd49-48a1-9e2d-38b5f6eb4d32",
              "parentUUID": "fc753359-df21-4954-8107-a12ee4c97b38",
              "isHook": false,
              "skipped": false
            },
            {
              "title": "Check_Labortory_Subcategories_Chemiluminescence or bioluminescence analyzers",
              "fullTitle": "Products_And_SubCategories Check_Labortory_Subcategories_Chemiluminescence or bioluminescence analyzers",
              "timedOut": null,
              "duration": 2859,
              "state": "passed",
              "speed": "fast",
              "pass": true,
              "fail": false,
              "pending": false,
              "context": null,
              "code": "cy.viewport(1300, 660);\ncy.visit(\"https://www.johnmorrisgroup.com/products/laboratory?categoryId=68277\");\nproducts.clickChemiluminescence();\ncy.clearCookies();",
              "err": {},
              "uuid": "ab4b90fe-b86c-46a3-bd35-18175de01604",
              "parentUUID": "fc753359-df21-4954-8107-a12ee4c97b38",
              "isHook": false,
              "skipped": false
            },
            {
              "title": "Check_Labortory_Subcategories_Chemistry analyzers",
              "fullTitle": "Products_And_SubCategories Check_Labortory_Subcategories_Chemistry analyzers",
              "timedOut": null,
              "duration": 3077,
              "state": "passed",
              "speed": "fast",
              "pass": true,
              "fail": false,
              "pending": false,
              "context": null,
              "code": "cy.viewport(1300, 660);\ncy.visit(\"https://www.johnmorrisgroup.com/products/laboratory?categoryId=68277\");\nproducts.clickChemistryanalyzers();\ncy.clearCookies();",
              "err": {},
              "uuid": "4f474c62-0a99-4ba6-9d45-0f3719cdfcb0",
              "parentUUID": "fc753359-df21-4954-8107-a12ee4c97b38",
              "isHook": false,
              "skipped": false
            },
            {
              "title": "Check_Labortory_Subcategories_Chemistry quality controls or calibrators or standards",
              "fullTitle": "Products_And_SubCategories Check_Labortory_Subcategories_Chemistry quality controls or calibrators or standards",
              "timedOut": null,
              "duration": 4170,
              "state": "passed",
              "speed": "fast",
              "pass": true,
              "fail": false,
              "pending": false,
              "context": null,
              "code": "cy.viewport(1300, 660);\ncy.visit(\"https://www.johnmorrisgroup.com/products/laboratory?categoryId=68277\");\nproducts.clickChemistryquality();\ncy.clearCookies();",
              "err": {},
              "uuid": "d57ec3da-6218-410d-a513-ada4e5a864f5",
              "parentUUID": "fc753359-df21-4954-8107-a12ee4c97b38",
              "isHook": false,
              "skipped": false
            },
            {
              "title": "Check_Labortory_Subcategories_Chemistry reagents or solutions",
              "fullTitle": "Products_And_SubCategories Check_Labortory_Subcategories_Chemistry reagents or solutions",
              "timedOut": null,
              "duration": 3667,
              "state": "passed",
              "speed": "fast",
              "pass": true,
              "fail": false,
              "pending": false,
              "context": null,
              "code": "cy.viewport(1300, 660);\ncy.visit(\"https://www.johnmorrisgroup.com/products/laboratory?categoryId=68277\");\nproducts.clickChemistryreagents();\ncy.clearCookies();",
              "err": {},
              "uuid": "76b7e0eb-ebf4-4ae6-8ef0-6f3238d610d9",
              "parentUUID": "fc753359-df21-4954-8107-a12ee4c97b38",
              "isHook": false,
              "skipped": false
            },
            {
              "title": "Check_Labortory_Subcategories_Chemistry test kits or supplies",
              "fullTitle": "Products_And_SubCategories Check_Labortory_Subcategories_Chemistry test kits or supplies",
              "timedOut": null,
              "duration": 2450,
              "state": "passed",
              "speed": "fast",
              "pass": true,
              "fail": false,
              "pending": false,
              "context": null,
              "code": "cy.viewport(1300, 660);\ncy.visit(\"https://www.johnmorrisgroup.com/products/laboratory?categoryId=68277\");\nproducts.clickChemistrytest();\ncy.clearCookies();",
              "err": {},
              "uuid": "59db3bb9-1261-4f78-b0a3-64935438c5c7",
              "parentUUID": "fc753359-df21-4954-8107-a12ee4c97b38",
              "isHook": false,
              "skipped": false
            },
            {
              "title": "Check_Labortory_Subcategories_Chest freezers",
              "fullTitle": "Products_And_SubCategories Check_Labortory_Subcategories_Chest freezers",
              "timedOut": null,
              "duration": 3804,
              "state": "passed",
              "speed": "fast",
              "pass": true,
              "fail": false,
              "pending": false,
              "context": null,
              "code": "cy.viewport(1300, 660);\ncy.visit(\"https://www.johnmorrisgroup.com/products/laboratory?categoryId=68277\");\nproducts.clickChestfreezers();\ncy.clearCookies();",
              "err": {},
              "uuid": "805f409e-dfdd-4eb3-ab23-2b8423af9834",
              "parentUUID": "fc753359-df21-4954-8107-a12ee4c97b38",
              "isHook": false,
              "skipped": false
            },
            {
              "title": "Check_Labortory_Subcategories_Chilling units or cold water circulators",
              "fullTitle": "Products_And_SubCategories Check_Labortory_Subcategories_Chilling units or cold water circulators",
              "timedOut": null,
              "duration": 2751,
              "state": "passed",
              "speed": "fast",
              "pass": true,
              "fail": false,
              "pending": false,
              "context": null,
              "code": "cy.viewport(1300, 660);\ncy.visit(\"https://www.johnmorrisgroup.com/products/laboratory?categoryId=68277\");\nproducts.clickChillingunits();\ncy.clearCookies();",
              "err": {},
              "uuid": "4b84c580-32ae-4189-b597-b11233bfac27",
              "parentUUID": "fc753359-df21-4954-8107-a12ee4c97b38",
              "isHook": false,
              "skipped": false
            },
            {
              "title": "Check_Labortory_Subcategories_Chromatographic detectors",
              "fullTitle": "Products_And_SubCategories Check_Labortory_Subcategories_Chromatographic detectors",
              "timedOut": null,
              "duration": 2771,
              "state": "passed",
              "speed": "fast",
              "pass": true,
              "fail": false,
              "pending": false,
              "context": null,
              "code": "cy.viewport(1300, 660);\ncy.visit(\"https://www.johnmorrisgroup.com/products/laboratory?categoryId=68277\");\nproducts.clickChromatographicdetectors();\ncy.clearCookies();",
              "err": {},
              "uuid": "2bdd8b96-0b89-456a-b921-8b08d8777ed3",
              "parentUUID": "fc753359-df21-4954-8107-a12ee4c97b38",
              "isHook": false,
              "skipped": false
            },
            {
              "title": "Check_Labortory_Subcategories_Chromatography columns",
              "fullTitle": "Products_And_SubCategories Check_Labortory_Subcategories_Chromatography columns",
              "timedOut": null,
              "duration": 5671,
              "state": "failed",
              "speed": null,
              "pass": false,
              "fail": true,
              "pending": false,
              "context": null,
              "code": "cy.viewport(1300, 660);\ncy.visit(\"https://www.johnmorrisgroup.com/products/laboratory?categoryId=68277\");\nproducts.clickChromatographycolumns();\ncy.clearCookies();",
              "err": {
                "message": "AssertionError: Timed out retrying after 4000ms: Expected to find element: `h4`, but never found it.",
                "estack": "AssertionError: Timed out retrying after 4000ms: Expected to find element: `h4`, but never found it.\n    at JM_ProductFun.clickChromatographycolumns (webpack://john_morris_revamp/./cypress/e2e/functions/JM_ProductFun.js:215:7)\n    at Context.eval (webpack://john_morris_revamp/./cypress/e2e/scripts/JM_Products.cy.js:453:13)",
                "diff": null
              },
              "uuid": "9bc63107-35dd-4cab-858a-90b600b34e60",
              "parentUUID": "fc753359-df21-4954-8107-a12ee4c97b38",
              "isHook": false,
              "skipped": false
            },
            {
              "title": "Check_Labortory_Subcategories_Chromatography syringes",
              "fullTitle": "Products_And_SubCategories Check_Labortory_Subcategories_Chromatography syringes",
              "timedOut": null,
              "duration": 2501,
              "state": "passed",
              "speed": "fast",
              "pass": true,
              "fail": false,
              "pending": false,
              "context": null,
              "code": "cy.viewport(1300, 660);\ncy.visit(\"https://www.johnmorrisgroup.com/products/laboratory?categoryId=68277\");\nproducts.clickChromatographysyringes();\ncy.clearCookies();",
              "err": {},
              "uuid": "2d870701-65e8-4073-bea8-84251ef2edd4",
              "parentUUID": "fc753359-df21-4954-8107-a12ee4c97b38",
              "isHook": false,
              "skipped": false
            },
            {
              "title": "Check_Labortory_Subcategories_Circulating baths",
              "fullTitle": "Products_And_SubCategories Check_Labortory_Subcategories_Circulating baths",
              "timedOut": null,
              "duration": 2902,
              "state": "passed",
              "speed": "fast",
              "pass": true,
              "fail": false,
              "pending": false,
              "context": null,
              "code": "cy.viewport(1300, 660);\ncy.visit(\"https://www.johnmorrisgroup.com/products/laboratory?categoryId=68277\");\nproducts.clickCirculatingbaths();\ncy.clearCookies();",
              "err": {},
              "uuid": "bf3fdaa2-300d-4957-a794-4d1981113dad",
              "parentUUID": "fc753359-df21-4954-8107-a12ee4c97b38",
              "isHook": false,
              "skipped": false
            },
            {
              "title": "Check_Labortory_Subcategories_Clean benches",
              "fullTitle": "Products_And_SubCategories Check_Labortory_Subcategories_Clean benches",
              "timedOut": null,
              "duration": 4518,
              "state": "passed",
              "speed": "fast",
              "pass": true,
              "fail": false,
              "pending": false,
              "context": null,
              "code": "cy.viewport(1300, 660);\ncy.visit(\"https://www.johnmorrisgroup.com/products/laboratory?categoryId=68277\");\nproducts.clickCleanbenches();\ncy.clearCookies();",
              "err": {},
              "uuid": "3e0eeb06-a449-4d5d-8619-7e8af3f4ec92",
              "parentUUID": "fc753359-df21-4954-8107-a12ee4c97b38",
              "isHook": false,
              "skipped": false
            },
            {
              "title": "Check_Labortory_Subcategories_Cold traps",
              "fullTitle": "Products_And_SubCategories Check_Labortory_Subcategories_Cold traps",
              "timedOut": null,
              "duration": 2882,
              "state": "passed",
              "speed": "fast",
              "pass": true,
              "fail": false,
              "pending": false,
              "context": null,
              "code": "cy.viewport(1300, 660);\ncy.visit(\"https://www.johnmorrisgroup.com/products/laboratory?categoryId=68277\");\nproducts.clickColdtraps();\ncy.clearCookies();",
              "err": {},
              "uuid": "e80d4579-d621-4b84-9d8d-620dacf27de0",
              "parentUUID": "fc753359-df21-4954-8107-a12ee4c97b38",
              "isHook": false,
              "skipped": false
            },
            {
              "title": "Check_Labortory_Subcategories_Colony counter",
              "fullTitle": "Products_And_SubCategories Check_Labortory_Subcategories_Colony counter",
              "timedOut": null,
              "duration": 2572,
              "state": "passed",
              "speed": "fast",
              "pass": true,
              "fail": false,
              "pending": false,
              "context": null,
              "code": "cy.viewport(1300, 660);\ncy.visit(\"https://www.johnmorrisgroup.com/products/laboratory?categoryId=68277\");\nproducts.clickColonycounter();\ncy.clearCookies();",
              "err": {},
              "uuid": "f67d71c5-13fd-484b-9e82-32e5a1e42664",
              "parentUUID": "fc753359-df21-4954-8107-a12ee4c97b38",
              "isHook": false,
              "skipped": false
            },
            {
              "title": "Check_Labortory_Subcategories_Color coding tape",
              "fullTitle": "Products_And_SubCategories Check_Labortory_Subcategories_Color coding tape",
              "timedOut": null,
              "duration": 3165,
              "state": "passed",
              "speed": "fast",
              "pass": true,
              "fail": false,
              "pending": false,
              "context": null,
              "code": "cy.viewport(1300, 660);\ncy.visit(\"https://www.johnmorrisgroup.com/products/laboratory?categoryId=68277\");\nproducts.clickColorcodingtape();\ncy.clearCookies();",
              "err": {},
              "uuid": "68befc86-20ca-4b4c-9009-c8f312c3087c",
              "parentUUID": "fc753359-df21-4954-8107-a12ee4c97b38",
              "isHook": false,
              "skipped": false
            },
            {
              "title": "Check_Labortory_Subcategories_Colorimeters",
              "fullTitle": "Products_And_SubCategories Check_Labortory_Subcategories_Colorimeters",
              "timedOut": null,
              "duration": 2771,
              "state": "passed",
              "speed": "fast",
              "pass": true,
              "fail": false,
              "pending": false,
              "context": null,
              "code": "cy.viewport(1300, 660);\ncy.visit(\"https://www.johnmorrisgroup.com/products/laboratory?categoryId=68277\");\nproducts.clickColorimeters();\ncy.clearCookies();",
              "err": {},
              "uuid": "fca7f53d-dc48-4248-8692-6c2b4142de1b",
              "parentUUID": "fc753359-df21-4954-8107-a12ee4c97b38",
              "isHook": false,
              "skipped": false
            },
            {
              "title": "Check_Labortory_Subcategories_Compression bandages",
              "fullTitle": "Products_And_SubCategories Check_Labortory_Subcategories_Compression bandages",
              "timedOut": null,
              "duration": 5415,
              "state": "failed",
              "speed": null,
              "pass": false,
              "fail": true,
              "pending": false,
              "context": null,
              "code": "cy.viewport(1300, 660);\ncy.visit(\"https://www.johnmorrisgroup.com/products/laboratory?categoryId=68277\");\nproducts.clickCompressionbandages();\ncy.clearCookies();",
              "err": {
                "message": "AssertionError: Timed out retrying after 4000ms: Expected to find element: `h4`, but never found it.",
                "estack": "AssertionError: Timed out retrying after 4000ms: Expected to find element: `h4`, but never found it.\n    at JM_ProductFun.clickCompressionbandages (webpack://john_morris_revamp/./cypress/e2e/functions/JM_ProductFun.js:247:7)\n    at Context.eval (webpack://john_morris_revamp/./cypress/e2e/scripts/JM_Products.cy.js:532:13)",
                "diff": null
              },
              "uuid": "b9d77d30-fdd8-418a-bdc9-8420eac551ba",
              "parentUUID": "fc753359-df21-4954-8107-a12ee4c97b38",
              "isHook": false,
              "skipped": false
            },
            {
              "title": "Check_Labortory_Subcategories_Conductivity cells",
              "fullTitle": "Products_And_SubCategories Check_Labortory_Subcategories_Conductivity cells",
              "timedOut": null,
              "duration": 2491,
              "state": "passed",
              "speed": "fast",
              "pass": true,
              "fail": false,
              "pending": false,
              "context": null,
              "code": "cy.viewport(1300, 660);\ncy.visit(\"https://www.johnmorrisgroup.com/products/laboratory?categoryId=68277\");\nproducts.clickConductivitycells();\ncy.clearCookies();",
              "err": {},
              "uuid": "90ef85be-167c-41e1-8524-9d1cdfc6c780",
              "parentUUID": "fc753359-df21-4954-8107-a12ee4c97b38",
              "isHook": false,
              "skipped": false
            },
            {
              "title": "Check_Labortory_Subcategories_Conductivity meters",
              "fullTitle": "Products_And_SubCategories Check_Labortory_Subcategories_Conductivity meters",
              "timedOut": null,
              "duration": 2642,
              "state": "passed",
              "speed": "fast",
              "pass": true,
              "fail": false,
              "pending": false,
              "context": null,
              "code": "cy.viewport(1300, 660);\ncy.visit(\"https://www.johnmorrisgroup.com/products/laboratory?categoryId=68277\");\nproducts.clickConductivitymeters();\ncy.clearCookies();",
              "err": {},
              "uuid": "e13e22db-19d8-4897-9862-a23997f1e951",
              "parentUUID": "fc753359-df21-4954-8107-a12ee4c97b38",
              "isHook": false,
              "skipped": false
            },
            {
              "title": "Check_Labortory_Subcategories_Cool containers",
              "fullTitle": "Products_And_SubCategories Check_Labortory_Subcategories_Cool containers",
              "timedOut": null,
              "duration": 2011,
              "state": "passed",
              "speed": "fast",
              "pass": true,
              "fail": false,
              "pending": false,
              "context": null,
              "code": "cy.viewport(1300, 660);\ncy.visit(\"https://www.johnmorrisgroup.com/products/laboratory?categoryId=68277\");\nproducts.clickCoolcontainers();\ncy.clearCookies();",
              "err": {},
              "uuid": "3c08bae1-eaea-4888-ac31-f2ba65968e57",
              "parentUUID": "fc753359-df21-4954-8107-a12ee4c97b38",
              "isHook": false,
              "skipped": false
            },
            {
              "title": "Check_Labortory_Subcategories_Cool transport or storage",
              "fullTitle": "Products_And_SubCategories Check_Labortory_Subcategories_Cool transport or storage",
              "timedOut": null,
              "duration": 2360,
              "state": "passed",
              "speed": "fast",
              "pass": true,
              "fail": false,
              "pending": false,
              "context": null,
              "code": "cy.viewport(1300, 660);\ncy.visit(\"https://www.johnmorrisgroup.com/products/laboratory?categoryId=68277\");\nproducts.clickCooltransport();\ncy.clearCookies();",
              "err": {},
              "uuid": "9e061cd7-5b9d-448a-b3a7-c42fab42213e",
              "parentUUID": "fc753359-df21-4954-8107-a12ee4c97b38",
              "isHook": false,
              "skipped": false
            },
            {
              "title": "Check_Labortory_Subcategories_Cotton",
              "fullTitle": "Products_And_SubCategories Check_Labortory_Subcategories_Cotton",
              "timedOut": null,
              "duration": 2852,
              "state": "passed",
              "speed": "fast",
              "pass": true,
              "fail": false,
              "pending": false,
              "context": null,
              "code": "cy.viewport(1300, 660);\ncy.visit(\"https://www.johnmorrisgroup.com/products/laboratory?categoryId=68277\");\nproducts.clickCotton();\ncy.clearCookies();",
              "err": {},
              "uuid": "4974457e-c47f-4f5c-af9c-865984e92b11",
              "parentUUID": "fc753359-df21-4954-8107-a12ee4c97b38",
              "isHook": false,
              "skipped": false
            },
            {
              "title": "Check_Labortory_Subcategories_Counters",
              "fullTitle": "Products_And_SubCategories Check_Labortory_Subcategories_Counters",
              "timedOut": null,
              "duration": 2445,
              "state": "passed",
              "speed": "fast",
              "pass": true,
              "fail": false,
              "pending": false,
              "context": null,
              "code": "cy.viewport(1300, 660);\ncy.visit(\"https://www.johnmorrisgroup.com/products/laboratory?categoryId=68277\");\nproducts.clickCounters();\ncy.clearCookies();",
              "err": {},
              "uuid": "22bede3f-a673-443f-ad8e-2e0797a8ab76",
              "parentUUID": "fc753359-df21-4954-8107-a12ee4c97b38",
              "isHook": false,
              "skipped": false
            },
            {
              "title": "Check_Labortory_Subcategories_Cryogenic or liquid nitrogen freezers",
              "fullTitle": "Products_And_SubCategories Check_Labortory_Subcategories_Cryogenic or liquid nitrogen freezers",
              "timedOut": null,
              "duration": 2691,
              "state": "passed",
              "speed": "fast",
              "pass": true,
              "fail": false,
              "pending": false,
              "context": null,
              "code": "cy.viewport(1300, 660);\ncy.visit(\"https://www.johnmorrisgroup.com/products/laboratory?categoryId=68277\");\nproducts.clickCryogenic();\ncy.clearCookies();",
              "err": {},
              "uuid": "ffb83bc4-24d6-4bd8-bdd9-2b41acc36eab",
              "parentUUID": "fc753359-df21-4954-8107-a12ee4c97b38",
              "isHook": false,
              "skipped": false
            },
            {
              "title": "Check_Labortory_Subcategories_Cryogenic storage boxes",
              "fullTitle": "Products_And_SubCategories Check_Labortory_Subcategories_Cryogenic storage boxes",
              "timedOut": null,
              "duration": 3140,
              "state": "passed",
              "speed": "fast",
              "pass": true,
              "fail": false,
              "pending": false,
              "context": null,
              "code": "cy.viewport(1300, 660);\ncy.visit(\"https://www.johnmorrisgroup.com/products/laboratory?categoryId=68277\");\nproducts.clickCryogenicstorageboxes();\ncy.clearCookies();",
              "err": {},
              "uuid": "7ff24682-0e59-462e-90c2-2f54ec49ec96",
              "parentUUID": "fc753359-df21-4954-8107-a12ee4c97b38",
              "isHook": false,
              "skipped": false
            },
            {
              "title": "Check_Labortory_Subcategories_Cryogenic tubes",
              "fullTitle": "Products_And_SubCategories Check_Labortory_Subcategories_Cryogenic tubes",
              "timedOut": null,
              "duration": 3040,
              "state": "passed",
              "speed": "fast",
              "pass": true,
              "fail": false,
              "pending": false,
              "context": null,
              "code": "cy.viewport(1300, 660);\ncy.visit(\"https://www.johnmorrisgroup.com/products/laboratory?categoryId=68277\");\nproducts.clickCryogenictubes();\ncy.clearCookies();",
              "err": {},
              "uuid": "e20286d4-6c8f-426f-b464-2d132aa397b9",
              "parentUUID": "fc753359-df21-4954-8107-a12ee4c97b38",
              "isHook": false,
              "skipped": false
            },
            {
              "title": "Check_Labortory_Subcategories_Cryoracks",
              "fullTitle": "Products_And_SubCategories Check_Labortory_Subcategories_Cryoracks",
              "timedOut": null,
              "duration": 2618,
              "state": "passed",
              "speed": "fast",
              "pass": true,
              "fail": false,
              "pending": false,
              "context": null,
              "code": "cy.viewport(1300, 660);\ncy.visit(\"https://www.johnmorrisgroup.com/products/laboratory?categoryId=68277\");\nproducts.clickCryoracks();\ncy.clearCookies();",
              "err": {},
              "uuid": "e1a1518b-c51f-46f4-9a6c-8439e81eadf0",
              "parentUUID": "fc753359-df21-4954-8107-a12ee4c97b38",
              "isHook": false,
              "skipped": false
            },
            {
              "title": "Check_Labortory_Subcategories_Cryostats",
              "fullTitle": "Products_And_SubCategories Check_Labortory_Subcategories_Cryostats",
              "timedOut": null,
              "duration": 2941,
              "state": "passed",
              "speed": "fast",
              "pass": true,
              "fail": false,
              "pending": false,
              "context": null,
              "code": "cy.viewport(1300, 660);\ncy.visit(\"https://www.johnmorrisgroup.com/products/laboratory?categoryId=68277\");\nproducts.clickCryostats();\ncy.clearCookies();",
              "err": {},
              "uuid": "d3b00fad-b43f-4e78-8b4e-ce9fb493ead6",
              "parentUUID": "fc753359-df21-4954-8107-a12ee4c97b38",
              "isHook": false,
              "skipped": false
            },
            {
              "title": "Check_Labortory_Subcategories_Culture tubes",
              "fullTitle": "Products_And_SubCategories Check_Labortory_Subcategories_Culture tubes",
              "timedOut": null,
              "duration": 4854,
              "state": "passed",
              "speed": "fast",
              "pass": true,
              "fail": false,
              "pending": false,
              "context": null,
              "code": "cy.viewport(1300, 660);\ncy.visit(\"https://www.johnmorrisgroup.com/products/laboratory?categoryId=68277\");\nproducts.clickCulturetubes();\ncy.clearCookies();",
              "err": {},
              "uuid": "2ee80340-0a0d-4120-b1d7-0ca9f2df41a3",
              "parentUUID": "fc753359-df21-4954-8107-a12ee4c97b38",
              "isHook": false,
              "skipped": false
            },
            {
              "title": "Check_Labortory_Subcategories_Cuvettes",
              "fullTitle": "Products_And_SubCategories Check_Labortory_Subcategories_Cuvettes",
              "timedOut": null,
              "duration": 2898,
              "state": "passed",
              "speed": "fast",
              "pass": true,
              "fail": false,
              "pending": false,
              "context": null,
              "code": "cy.viewport(1300, 660);\ncy.visit(\"https://www.johnmorrisgroup.com/products/laboratory?categoryId=68277\");\nproducts.clickCuvettes();\ncy.clearCookies();",
              "err": {},
              "uuid": "4f6bcf61-9ffe-4f0d-a118-f7009a2614fa",
              "parentUUID": "fc753359-df21-4954-8107-a12ee4c97b38",
              "isHook": false,
              "skipped": false
            },
            {
              "title": "Check_Labortory_Subcategories_Cytology reagents or solutions or stains",
              "fullTitle": "Products_And_SubCategories Check_Labortory_Subcategories_Cytology reagents or solutions or stains",
              "timedOut": null,
              "duration": 3288,
              "state": "passed",
              "speed": "fast",
              "pass": true,
              "fail": false,
              "pending": false,
              "context": null,
              "code": "cy.viewport(1300, 660);\ncy.visit(\"https://www.johnmorrisgroup.com/products/laboratory?categoryId=68277\");\nproducts.clickCytologyreagents();\ncy.clearCookies();",
              "err": {},
              "uuid": "603637ca-19d1-4c75-89e4-71ea2d1dd759",
              "parentUUID": "fc753359-df21-4954-8107-a12ee4c97b38",
              "isHook": false,
              "skipped": false
            },
            {
              "title": "Check_Labortory_Subcategories_Cytology test kits or supplies",
              "fullTitle": "Products_And_SubCategories Check_Labortory_Subcategories_Cytology test kits or supplies",
              "timedOut": null,
              "duration": 2465,
              "state": "passed",
              "speed": "fast",
              "pass": true,
              "fail": false,
              "pending": false,
              "context": null,
              "code": "cy.viewport(1300, 660);\ncy.visit(\"https://www.johnmorrisgroup.com/products/laboratory?categoryId=68277\");\nproducts.clickCytologytestkits();\ncy.clearCookies();",
              "err": {},
              "uuid": "e876f5d0-ac70-4220-a53e-d3a1d753ab14",
              "parentUUID": "fc753359-df21-4954-8107-a12ee4c97b38",
              "isHook": false,
              "skipped": false
            },
            {
              "title": "Check_Labortory_Subcategories_Deionization or demineralization equipment",
              "fullTitle": "Products_And_SubCategories Check_Labortory_Subcategories_Deionization or demineralization equipment",
              "timedOut": null,
              "duration": 2779,
              "state": "passed",
              "speed": "fast",
              "pass": true,
              "fail": false,
              "pending": false,
              "context": null,
              "code": "cy.viewport(1300, 660);\ncy.visit(\"https://www.johnmorrisgroup.com/products/laboratory?categoryId=68277\");\nproducts.clickDeionization();\ncy.clearCookies();",
              "err": {},
              "uuid": "78785ae0-3d07-4cdd-a44e-25f78959b4ca",
              "parentUUID": "fc753359-df21-4954-8107-a12ee4c97b38",
              "isHook": false,
              "skipped": false
            },
            {
              "title": "Check_Labortory_Subcategories_Densitometers",
              "fullTitle": "Products_And_SubCategories Check_Labortory_Subcategories_Densitometers",
              "timedOut": null,
              "duration": 2588,
              "state": "passed",
              "speed": "fast",
              "pass": true,
              "fail": false,
              "pending": false,
              "context": null,
              "code": "cy.viewport(1300, 660);\ncy.visit(\"https://www.johnmorrisgroup.com/products/laboratory?categoryId=68277\");\nproducts.clickDensitometers();\ncy.clearCookies();",
              "err": {},
              "uuid": "10f7b329-2dcd-44e9-b6ea-2881431388fe",
              "parentUUID": "fc753359-df21-4954-8107-a12ee4c97b38",
              "isHook": false,
              "skipped": false
            },
            {
              "title": "Check_Labortory_Subcategories_Desking organizational components",
              "fullTitle": "Products_And_SubCategories Check_Labortory_Subcategories_Desking organizational components",
              "timedOut": null,
              "duration": 2585,
              "state": "passed",
              "speed": "fast",
              "pass": true,
              "fail": false,
              "pending": false,
              "context": null,
              "code": "cy.viewport(1300, 660);\ncy.visit(\"https://www.johnmorrisgroup.com/products/laboratory?categoryId=68277\");\nproducts.clickDesking();\ncy.clearCookies();",
              "err": {},
              "uuid": "4ed94674-6a39-48a0-8cf5-c5578698d50b",
              "parentUUID": "fc753359-df21-4954-8107-a12ee4c97b38",
              "isHook": false,
              "skipped": false
            },
            {
              "title": "Check_Labortory_Subcategories_Dichroic filter",
              "fullTitle": "Products_And_SubCategories Check_Labortory_Subcategories_Dichroic filter",
              "timedOut": null,
              "duration": 3433,
              "state": "passed",
              "speed": "fast",
              "pass": true,
              "fail": false,
              "pending": false,
              "context": null,
              "code": "cy.viewport(1300, 660);\ncy.visit(\"https://www.johnmorrisgroup.com/products/laboratory?categoryId=68277\");\nproducts.clickDichroicfilter();\ncy.clearCookies();",
              "err": {},
              "uuid": "805ff3a8-c428-47d1-a46a-0430f026c702",
              "parentUUID": "fc753359-df21-4954-8107-a12ee4c97b38",
              "isHook": false,
              "skipped": false
            },
            {
              "title": "Check_Labortory_Subcategories_Digestion systems",
              "fullTitle": "Products_And_SubCategories Check_Labortory_Subcategories_Digestion systems",
              "timedOut": null,
              "duration": 5334,
              "state": "passed",
              "speed": "medium",
              "pass": true,
              "fail": false,
              "pending": false,
              "context": null,
              "code": "cy.viewport(1300, 660);\ncy.visit(\"https://www.johnmorrisgroup.com/products/laboratory?categoryId=68277\");\nproducts.clickDigestionsystems();\ncy.clearCookies();",
              "err": {},
              "uuid": "c2420e4d-df19-4b0b-b8b0-86ba98960acc",
              "parentUUID": "fc753359-df21-4954-8107-a12ee4c97b38",
              "isHook": false,
              "skipped": false
            },
            {
              "title": "Check_Labortory_Subcategories_Digital cameras",
              "fullTitle": "Products_And_SubCategories Check_Labortory_Subcategories_Digital cameras",
              "timedOut": null,
              "duration": 4025,
              "state": "passed",
              "speed": "fast",
              "pass": true,
              "fail": false,
              "pending": false,
              "context": null,
              "code": "cy.viewport(1300, 660);\ncy.visit(\"https://www.johnmorrisgroup.com/products/laboratory?categoryId=68277\");\nproducts.clickDigitalcameras();\ncy.clearCookies();",
              "err": {},
              "uuid": "54e6fc0e-f4b7-4e16-93e5-45e97ee37060",
              "parentUUID": "fc753359-df21-4954-8107-a12ee4c97b38",
              "isHook": false,
              "skipped": false
            },
            {
              "title": "Check_Labortory_Subcategories_Digital readout recorders",
              "fullTitle": "Products_And_SubCategories Check_Labortory_Subcategories_Digital readout recorders",
              "timedOut": null,
              "duration": 2906,
              "state": "passed",
              "speed": "fast",
              "pass": true,
              "fail": false,
              "pending": false,
              "context": null,
              "code": "cy.viewport(1300, 660);\ncy.visit(\"https://www.johnmorrisgroup.com/products/laboratory?categoryId=68277\");\nproducts.clickDigitalreadoutrecorders();\ncy.clearCookies();",
              "err": {},
              "uuid": "1ef9844e-3775-4ede-a7fc-68b40e62e51e",
              "parentUUID": "fc753359-df21-4954-8107-a12ee4c97b38",
              "isHook": false,
              "skipped": false
            },
            {
              "title": "Check_Labortory_Subcategories_Dissolved oxygen probes",
              "fullTitle": "Products_And_SubCategories Check_Labortory_Subcategories_Dissolved oxygen probes",
              "timedOut": null,
              "duration": 4101,
              "state": "passed",
              "speed": "fast",
              "pass": true,
              "fail": false,
              "pending": false,
              "context": null,
              "code": "cy.viewport(1300, 660);\ncy.visit(\"https://www.johnmorrisgroup.com/products/laboratory?categoryId=68277\");\nproducts.clickDigitalreadoutrecorders();\ncy.clearCookies();",
              "err": {},
              "uuid": "8a2f2601-4aa3-428e-9d10-56fa21880b3e",
              "parentUUID": "fc753359-df21-4954-8107-a12ee4c97b38",
              "isHook": false,
              "skipped": false
            },
            {
              "title": "Check_Labortory_Subcategories_Diverting manifolds",
              "fullTitle": "Products_And_SubCategories Check_Labortory_Subcategories_Diverting manifolds",
              "timedOut": null,
              "duration": 2990,
              "state": "passed",
              "speed": "fast",
              "pass": true,
              "fail": false,
              "pending": false,
              "context": null,
              "code": "cy.viewport(1300, 660);\ncy.visit(\"https://www.johnmorrisgroup.com/products/laboratory?categoryId=68277\");\nproducts.clickDivertingmanifolds();\ncy.clearCookies();",
              "err": {},
              "uuid": "6d8190f0-9479-4134-a2dd-5bbc026f4ab3",
              "parentUUID": "fc753359-df21-4954-8107-a12ee4c97b38",
              "isHook": false,
              "skipped": false
            },
            {
              "title": "Check_Labortory_Subcategories_Dollies",
              "fullTitle": "Products_And_SubCategories Check_Labortory_Subcategories_Dollies",
              "timedOut": null,
              "duration": 2752,
              "state": "passed",
              "speed": "fast",
              "pass": true,
              "fail": false,
              "pending": false,
              "context": null,
              "code": "cy.viewport(1300, 660);\ncy.visit(\"https://www.johnmorrisgroup.com/products/laboratory?categoryId=68277\");\nproducts.clickDollies();\ncy.clearCookies();",
              "err": {},
              "uuid": "18f34e77-da47-4efe-8a8f-622a9b505b16",
              "parentUUID": "fc753359-df21-4954-8107-a12ee4c97b38",
              "isHook": false,
              "skipped": false
            },
            {
              "title": "Check_Labortory_Subcategories_Dosing spoons",
              "fullTitle": "Products_And_SubCategories Check_Labortory_Subcategories_Dosing spoons",
              "timedOut": null,
              "duration": 3165,
              "state": "passed",
              "speed": "fast",
              "pass": true,
              "fail": false,
              "pending": false,
              "context": null,
              "code": "cy.viewport(1300, 660);\ncy.visit(\"https://www.johnmorrisgroup.com/products/laboratory?categoryId=68277\");\nproducts.clickDosingspoons();\ncy.clearCookies();",
              "err": {},
              "uuid": "4a788017-7e8f-4727-9052-431a2ea22a44",
              "parentUUID": "fc753359-df21-4954-8107-a12ee4c97b38",
              "isHook": false,
              "skipped": false
            },
            {
              "title": "Check_Labortory_Subcategories_Dounce homogenizers",
              "fullTitle": "Products_And_SubCategories Check_Labortory_Subcategories_Dounce homogenizers",
              "timedOut": null,
              "duration": 2697,
              "state": "passed",
              "speed": "fast",
              "pass": true,
              "fail": false,
              "pending": false,
              "context": null,
              "code": "cy.viewport(1300, 660);\ncy.visit(\"https://www.johnmorrisgroup.com/products/laboratory?categoryId=68277\");\nproducts.clickDouncehomogenizers();\ncy.clearCookies();",
              "err": {},
              "uuid": "9e779084-f549-43cc-8227-c3198b230930",
              "parentUUID": "fc753359-df21-4954-8107-a12ee4c97b38",
              "isHook": false,
              "skipped": false
            },
            {
              "title": "Check_Labortory_Subcategories_Dropping pipettes",
              "fullTitle": "Products_And_SubCategories Check_Labortory_Subcategories_Dropping pipettes",
              "timedOut": null,
              "duration": 2934,
              "state": "passed",
              "speed": "fast",
              "pass": true,
              "fail": false,
              "pending": false,
              "context": null,
              "code": "cy.viewport(1300, 660);\ncy.visit(\"https://www.johnmorrisgroup.com/products/laboratory?categoryId=68277\");\nproducts.clickDroppingpipettes();\ncy.clearCookies();",
              "err": {},
              "uuid": "c48ffe40-2031-4410-bcf7-200582f0f925",
              "parentUUID": "fc753359-df21-4954-8107-a12ee4c97b38",
              "isHook": false,
              "skipped": false
            },
            {
              "title": "Check_Labortory_Subcategories_Dry baths or heating blocks",
              "fullTitle": "Products_And_SubCategories Check_Labortory_Subcategories_Dry baths or heating blocks",
              "timedOut": null,
              "duration": 5278,
              "state": "failed",
              "speed": null,
              "pass": false,
              "fail": true,
              "pending": false,
              "context": null,
              "code": "cy.viewport(1300, 660);\ncy.visit(\"https://www.johnmorrisgroup.com/products/laboratory?categoryId=68277\");\nproducts.clickDrybaths();\ncy.clearCookies();",
              "err": {
                "message": "AssertionError: Timed out retrying after 4000ms: Expected to find element: `//span[text()='Dry baths']`, but never found it.",
                "estack": "AssertionError: Timed out retrying after 4000ms: Expected to find element: `//span[text()='Dry baths']`, but never found it.\n    at JM_ProductFun.Drybaths (webpack://john_morris_revamp/./cypress/e2e/pages/JM_ProductsPage.js:382:21)\n    at JM_ProductFun.clickDrybaths (webpack://john_morris_revamp/./cypress/e2e/functions/JM_ProductFun.js:374:9)\n    at Context.eval (webpack://john_morris_revamp/./cypress/e2e/scripts/JM_Products.cy.js:821:13)",
                "diff": null
              },
              "uuid": "b3f5546d-844d-443b-9aac-dfd44c0a5b2a",
              "parentUUID": "fc753359-df21-4954-8107-a12ee4c97b38",
              "isHook": false,
              "skipped": false
            },
            {
              "title": "Check_Labortory_Subcategories_Drying cabinets or ovens",
              "fullTitle": "Products_And_SubCategories Check_Labortory_Subcategories_Drying cabinets or ovens",
              "timedOut": null,
              "duration": 5065,
              "state": "failed",
              "speed": null,
              "pass": false,
              "fail": true,
              "pending": false,
              "context": null,
              "code": "cy.viewport(1300, 660);\ncy.visit(\"https://www.johnmorrisgroup.com/products/laboratory?categoryId=68277\");\nproducts.clickDrybaths();\ncy.clearCookies();",
              "err": {
                "message": "AssertionError: Timed out retrying after 4000ms: Expected to find element: `//span[text()='Dry baths']`, but never found it.",
                "estack": "AssertionError: Timed out retrying after 4000ms: Expected to find element: `//span[text()='Dry baths']`, but never found it.\n    at JM_ProductFun.Drybaths (webpack://john_morris_revamp/./cypress/e2e/pages/JM_ProductsPage.js:382:21)\n    at JM_ProductFun.clickDrybaths (webpack://john_morris_revamp/./cypress/e2e/functions/JM_ProductFun.js:374:9)\n    at Context.eval (webpack://john_morris_revamp/./cypress/e2e/scripts/JM_Products.cy.js:831:13)",
                "diff": null
              },
              "uuid": "e7c2b464-d53f-4949-9ec2-72f42283570a",
              "parentUUID": "fc753359-df21-4954-8107-a12ee4c97b38",
              "isHook": false,
              "skipped": false
            },
            {
              "title": "Check_Labortory_Subcategories_Drying racks",
              "fullTitle": "Products_And_SubCategories Check_Labortory_Subcategories_Drying racks",
              "timedOut": null,
              "duration": 3373,
              "state": "passed",
              "speed": "fast",
              "pass": true,
              "fail": false,
              "pending": false,
              "context": null,
              "code": "cy.viewport(1300, 660);\ncy.visit(\"https://www.johnmorrisgroup.com/products/laboratory?categoryId=68277\");\nproducts.clickDryingracks();\ncy.clearCookies();",
              "err": {},
              "uuid": "9724693c-5281-49d0-b7fe-72fb86003868",
              "parentUUID": "fc753359-df21-4954-8107-a12ee4c97b38",
              "isHook": false,
              "skipped": false
            },
            {
              "title": "Check_Labortory_Subcategories_Educational or vocational textbooks",
              "fullTitle": "Products_And_SubCategories Check_Labortory_Subcategories_Educational or vocational textbooks",
              "timedOut": null,
              "duration": 2847,
              "state": "passed",
              "speed": "fast",
              "pass": true,
              "fail": false,
              "pending": false,
              "context": null,
              "code": "cy.viewport(1300, 660);\ncy.visit(\"https://www.johnmorrisgroup.com/products/laboratory?categoryId=68277\");\nproducts.clickEducational();\ncy.clearCookies();",
              "err": {},
              "uuid": "09520bd7-f759-4e6b-93f6-3319a7e6f32a",
              "parentUUID": "fc753359-df21-4954-8107-a12ee4c97b38",
              "isHook": false,
              "skipped": false
            },
            {
              "title": "Check_Labortory_Subcategories_Electrode holder",
              "fullTitle": "Products_And_SubCategories Check_Labortory_Subcategories_Electrode holder",
              "timedOut": null,
              "duration": 3420,
              "state": "passed",
              "speed": "fast",
              "pass": true,
              "fail": false,
              "pending": false,
              "context": null,
              "code": "cy.viewport(1300, 660);\ncy.visit(\"https://www.johnmorrisgroup.com/products/laboratory?categoryId=68277\");\nproducts.clickElectrodeholder();\ncy.clearCookies();",
              "err": {},
              "uuid": "332b0ed5-d3d3-479b-9fc6-6889275d77d2",
              "parentUUID": "fc753359-df21-4954-8107-a12ee4c97b38",
              "isHook": false,
              "skipped": false
            },
            {
              "title": "Check_Labortory_Subcategories_Electronic counters",
              "fullTitle": "Products_And_SubCategories Check_Labortory_Subcategories_Electronic counters",
              "timedOut": null,
              "duration": 2419,
              "state": "passed",
              "speed": "fast",
              "pass": true,
              "fail": false,
              "pending": false,
              "context": null,
              "code": "cy.viewport(1300, 660);\ncy.visit(\"https://www.johnmorrisgroup.com/products/laboratory?categoryId=68277\");\nproducts.clickElectroniccounters();\ncy.clearCookies();",
              "err": {},
              "uuid": "ee4d5779-1ea0-48dc-b586-1fd106cd4015",
              "parentUUID": "fc753359-df21-4954-8107-a12ee4c97b38",
              "isHook": false,
              "skipped": false
            },
            {
              "title": "Check_Labortory_Subcategories_Electronic measuring probes",
              "fullTitle": "Products_And_SubCategories Check_Labortory_Subcategories_Electronic measuring probes",
              "timedOut": null,
              "duration": 2499,
              "state": "passed",
              "speed": "fast",
              "pass": true,
              "fail": false,
              "pending": false,
              "context": null,
              "code": "cy.viewport(1300, 660);\ncy.visit(\"https://www.johnmorrisgroup.com/products/laboratory?categoryId=68277\");\nproducts.clickElectronicmeasuring();\ncy.clearCookies();",
              "err": {},
              "uuid": "c23c5aa1-6882-48d2-ae88-69749eb13e08",
              "parentUUID": "fc753359-df21-4954-8107-a12ee4c97b38",
              "isHook": false,
              "skipped": false
            },
            {
              "title": "Check_Labortory_Subcategories_Electronic multichannel pipetters",
              "fullTitle": "Products_And_SubCategories Check_Labortory_Subcategories_Electronic multichannel pipetters",
              "timedOut": null,
              "duration": 3041,
              "state": "passed",
              "speed": "fast",
              "pass": true,
              "fail": false,
              "pending": false,
              "context": null,
              "code": "cy.viewport(1300, 660);\ncy.visit(\"https://www.johnmorrisgroup.com/products/laboratory?categoryId=68277\");\nproducts.clickElectronicmultichannel();\ncy.clearCookies();",
              "err": {},
              "uuid": "1d3fb5d8-d526-4bec-b689-bb9d415a537b",
              "parentUUID": "fc753359-df21-4954-8107-a12ee4c97b38",
              "isHook": false,
              "skipped": false
            },
            {
              "title": "Check_Labortory_Subcategories_Electronic single channel pipetters",
              "fullTitle": "Products_And_SubCategories Check_Labortory_Subcategories_Electronic single channel pipetters",
              "timedOut": null,
              "duration": 3981,
              "state": "passed",
              "speed": "fast",
              "pass": true,
              "fail": false,
              "pending": false,
              "context": null,
              "code": "cy.viewport(1300, 660);\ncy.visit(\"https://www.johnmorrisgroup.com/products/laboratory?categoryId=68277\");\nproducts.clickElectronicsingle();\ncy.clearCookies();",
              "err": {},
              "uuid": "e33613bc-9d04-4e98-8b63-d39c93b1f507",
              "parentUUID": "fc753359-df21-4954-8107-a12ee4c97b38",
              "isHook": false,
              "skipped": false
            },
            {
              "title": "Check_Labortory_Subcategories_Electronic toploading balances",
              "fullTitle": "Products_And_SubCategories Check_Labortory_Subcategories_Electronic toploading balances",
              "timedOut": null,
              "duration": 3592,
              "state": "passed",
              "speed": "fast",
              "pass": true,
              "fail": false,
              "pending": false,
              "context": null,
              "code": "cy.viewport(1300, 660);\ncy.visit(\"https://www.johnmorrisgroup.com/products/laboratory?categoryId=68277\");\nproducts.clickElectronictoploading();\ncy.clearCookies();",
              "err": {},
              "uuid": "d6fcbf06-9386-4870-a9b4-c8e260adebd6",
              "parentUUID": "fc753359-df21-4954-8107-a12ee4c97b38",
              "isHook": false,
              "skipped": false
            },
            {
              "title": "Check_Labortory_Subcategories_Electrophoresis system accessories",
              "fullTitle": "Products_And_SubCategories Check_Labortory_Subcategories_Electrophoresis system accessories",
              "timedOut": null,
              "duration": 3096,
              "state": "passed",
              "speed": "fast",
              "pass": true,
              "fail": false,
              "pending": false,
              "context": null,
              "code": "cy.viewport(1300, 660);\ncy.visit(\"https://www.johnmorrisgroup.com/products/laboratory?categoryId=68277\");\nproducts.clickElectrophoresissystem();\ncy.clearCookies();",
              "err": {},
              "uuid": "433fe43f-2c66-4fde-bde0-56b287476180",
              "parentUUID": "fc753359-df21-4954-8107-a12ee4c97b38",
              "isHook": false,
              "skipped": false
            },
            {
              "title": "Check_Labortory_Subcategories_Environmental test kits or supplies",
              "fullTitle": "Products_And_SubCategories Check_Labortory_Subcategories_Environmental test kits or supplies",
              "timedOut": null,
              "duration": 2536,
              "state": "passed",
              "speed": "fast",
              "pass": true,
              "fail": false,
              "pending": false,
              "context": null,
              "code": "cy.viewport(1300, 660);\ncy.visit(\"https://www.johnmorrisgroup.com/products/laboratory?categoryId=68277\");\nproducts.clickEnvironmentaltest();\ncy.clearCookies();",
              "err": {},
              "uuid": "24ada935-6af5-422d-b596-3321b6346804",
              "parentUUID": "fc753359-df21-4954-8107-a12ee4c97b38",
              "isHook": false,
              "skipped": false
            },
            {
              "title": "Check_Labortory_Subcategories_Equipment transportation case",
              "fullTitle": "Products_And_SubCategories Check_Labortory_Subcategories_Equipment transportation case",
              "timedOut": null,
              "duration": 2643,
              "state": "passed",
              "speed": "fast",
              "pass": true,
              "fail": false,
              "pending": false,
              "context": null,
              "code": "cy.viewport(1300, 660);\ncy.visit(\"https://www.johnmorrisgroup.com/products/laboratory?categoryId=68277\");\nproducts.clickEquipmenttransportation();\ncy.clearCookies();",
              "err": {},
              "uuid": "ccb0fafd-001f-4697-a3fb-7e658435ffb2",
              "parentUUID": "fc753359-df21-4954-8107-a12ee4c97b38",
              "isHook": false,
              "skipped": false
            }
          ],
          "suites": [],
          "passes": [
            "cfea2c28-2aad-4728-b0ad-479456ec6390",
            "365aa1f3-37c6-4b43-9052-55e2a39d1ff9",
            "b4e2fab6-3789-4c7d-81c5-650809698996",
            "02008950-7115-4e04-b79a-c32c494b4b39",
            "a375c2fb-1ca6-4232-93f8-8f5412b2ba2a",
            "11625c9c-780f-4a72-b390-db314956af71",
            "a3915264-67da-4dd2-bee3-a68d138be2f3",
            "7c13513e-0159-420a-90e4-7996c21450b8",
            "b118ba13-04bf-45a3-961b-4ccc40331d57",
            "0286166e-9f02-4fef-a212-b7db38bb8cb3",
            "3dd0101d-72f1-4178-8088-7222f88511e2",
            "af631ae0-0161-48a1-bd9f-2de43a7ec2a3",
            "14dc263e-43b7-45dd-9afb-c8151a0a8815",
            "09b7428f-3dc3-4b18-b0c4-64b0fcbf6650",
            "3d2cdb8b-aed0-445d-98d1-cdcdadafa979",
            "7ffe02a1-e460-4b37-902f-8fe288307c21",
            "8c8a45e0-94fb-402d-ad3f-5e649564ec28",
            "f6d1e5f5-9eaf-4d4f-b807-3490ec5ea5ff",
            "df637723-4c10-436e-a17b-d14cb25e483e",
            "ea1b61de-519e-43a1-ac60-26cd2e4279e6",
            "e27e0f87-3841-49cd-b52a-6b728499d2f8",
            "5e882253-8233-4b0b-bffa-0aecdc01ecc8",
            "015aeb54-b62c-4124-ae71-9c55e219b56e",
            "9733d762-8e72-4207-9b9b-591acfcfed9d",
            "9cb1c217-a1e8-426b-8e84-ca544253a4f5",
            "68b767ee-2391-4ee2-8875-8aa72af351d6",
            "0ea7014e-f479-40dc-ac7f-00647128015f",
            "30fa2979-ccb0-4f56-8b03-95596e016b35",
            "f4dbda5a-1c18-4a2a-a2a4-bcd9ec799f6f",
            "fc3746b2-9481-4111-8624-92bd24eb0673",
            "0b990dd7-d755-48ab-b3a1-18448e66b949",
            "0048aefb-6c87-4e45-9f4e-380b86d9fb39",
            "f4ec4e2e-94c2-4f0e-b1d1-f0b38cdaf97b",
            "f5f1dbf9-9601-4a66-af6e-393ca8d0b422",
            "7750a3d9-fd49-48a1-9e2d-38b5f6eb4d32",
            "ab4b90fe-b86c-46a3-bd35-18175de01604",
            "4f474c62-0a99-4ba6-9d45-0f3719cdfcb0",
            "d57ec3da-6218-410d-a513-ada4e5a864f5",
            "76b7e0eb-ebf4-4ae6-8ef0-6f3238d610d9",
            "59db3bb9-1261-4f78-b0a3-64935438c5c7",
            "805f409e-dfdd-4eb3-ab23-2b8423af9834",
            "4b84c580-32ae-4189-b597-b11233bfac27",
            "2bdd8b96-0b89-456a-b921-8b08d8777ed3",
            "2d870701-65e8-4073-bea8-84251ef2edd4",
            "bf3fdaa2-300d-4957-a794-4d1981113dad",
            "3e0eeb06-a449-4d5d-8619-7e8af3f4ec92",
            "e80d4579-d621-4b84-9d8d-620dacf27de0",
            "f67d71c5-13fd-484b-9e82-32e5a1e42664",
            "68befc86-20ca-4b4c-9009-c8f312c3087c",
            "fca7f53d-dc48-4248-8692-6c2b4142de1b",
            "90ef85be-167c-41e1-8524-9d1cdfc6c780",
            "e13e22db-19d8-4897-9862-a23997f1e951",
            "3c08bae1-eaea-4888-ac31-f2ba65968e57",
            "9e061cd7-5b9d-448a-b3a7-c42fab42213e",
            "4974457e-c47f-4f5c-af9c-865984e92b11",
            "22bede3f-a673-443f-ad8e-2e0797a8ab76",
            "ffb83bc4-24d6-4bd8-bdd9-2b41acc36eab",
            "7ff24682-0e59-462e-90c2-2f54ec49ec96",
            "e20286d4-6c8f-426f-b464-2d132aa397b9",
            "e1a1518b-c51f-46f4-9a6c-8439e81eadf0",
            "d3b00fad-b43f-4e78-8b4e-ce9fb493ead6",
            "2ee80340-0a0d-4120-b1d7-0ca9f2df41a3",
            "4f6bcf61-9ffe-4f0d-a118-f7009a2614fa",
            "603637ca-19d1-4c75-89e4-71ea2d1dd759",
            "e876f5d0-ac70-4220-a53e-d3a1d753ab14",
            "78785ae0-3d07-4cdd-a44e-25f78959b4ca",
            "10f7b329-2dcd-44e9-b6ea-2881431388fe",
            "4ed94674-6a39-48a0-8cf5-c5578698d50b",
            "805ff3a8-c428-47d1-a46a-0430f026c702",
            "c2420e4d-df19-4b0b-b8b0-86ba98960acc",
            "54e6fc0e-f4b7-4e16-93e5-45e97ee37060",
            "1ef9844e-3775-4ede-a7fc-68b40e62e51e",
            "8a2f2601-4aa3-428e-9d10-56fa21880b3e",
            "6d8190f0-9479-4134-a2dd-5bbc026f4ab3",
            "18f34e77-da47-4efe-8a8f-622a9b505b16",
            "4a788017-7e8f-4727-9052-431a2ea22a44",
            "9e779084-f549-43cc-8227-c3198b230930",
            "c48ffe40-2031-4410-bcf7-200582f0f925",
            "9724693c-5281-49d0-b7fe-72fb86003868",
            "09520bd7-f759-4e6b-93f6-3319a7e6f32a",
            "332b0ed5-d3d3-479b-9fc6-6889275d77d2",
            "ee4d5779-1ea0-48dc-b586-1fd106cd4015",
            "c23c5aa1-6882-48d2-ae88-69749eb13e08",
            "1d3fb5d8-d526-4bec-b689-bb9d415a537b",
            "e33613bc-9d04-4e98-8b63-d39c93b1f507",
            "d6fcbf06-9386-4870-a9b4-c8e260adebd6",
            "433fe43f-2c66-4fde-bde0-56b287476180",
            "24ada935-6af5-422d-b596-3321b6346804",
            "ccb0fafd-001f-4697-a3fb-7e658435ffb2"
          ],
          "failures": [
            "47673b8c-8652-47bb-8dec-7a7ad5a498bf",
            "9bc63107-35dd-4cab-858a-90b600b34e60",
            "b9d77d30-fdd8-418a-bdc9-8420eac551ba",
            "b3f5546d-844d-443b-9aac-dfd44c0a5b2a",
            "e7c2b464-d53f-4949-9ec2-72f42283570a"
          ],
          "pending": [],
          "skipped": [],
          "duration": 327566,
          "root": false,
          "rootEmpty": false,
          "_timeout": 2000
        }
      ],
      "passes": [],
      "failures": [],
      "pending": [],
      "skipped": [],
      "duration": 0,
      "root": true,
      "rootEmpty": true,
      "_timeout": 2000
    }
  ],
  "meta": {
    "mocha": {
      "version": "7.0.1"
    },
    "mochawesome": {
      "options": {
        "quiet": false,
        "reportFilename": "mochawesome",
        "saveHtml": false,
        "saveJson": true,
        "consoleReporter": "spec",
        "useInlineDiffs": false,
        "code": true
      },
      "version": "7.1.3"
    },
    "marge": {
      "options": {
        "charts": true,
        "overwrite": false,
        "html": false,
        "json": true,
        "reportDir": "cypress/reports"
      },
      "version": "6.2.0"
    }
  }
}