{
  "stats": {
    "suites": 1,
    "tests": 95,
    "passes": 90,
    "pending": 0,
    "failures": 5,
    "start": "2024-01-11T03:14:55.105Z",
    "end": "2024-01-11T03:24:09.956Z",
    "duration": 554851,
    "testsRegistered": 95,
    "passPercent": 94.73684210526315,
    "pendingPercent": 0,
    "other": 0,
    "hasOther": false,
    "skipped": 0,
    "hasSkipped": false
  },
  "results": [
    {
      "uuid": "903a0b42-688e-41d8-9210-3dfbcd4dca85",
      "title": "",
      "fullFile": "cypress\\e2e\\scripts\\JM_Products.cy.js",
      "file": "cypress\\e2e\\scripts\\JM_Products.cy.js",
      "beforeHooks": [],
      "afterHooks": [],
      "tests": [],
      "suites": [
        {
          "uuid": "e44a1e6c-333a-45b9-9988-489bb702f349",
          "title": "Products_And_SubCategories",
          "fullFile": "",
          "file": "",
          "beforeHooks": [],
          "afterHooks": [],
          "tests": [
            {
              "title": "Check_Labortory_Subcategories_Adaptors or linkers",
              "fullTitle": "Products_And_SubCategories Check_Labortory_Subcategories_Adaptors or linkers",
              "timedOut": null,
              "duration": 25169,
              "state": "passed",
              "speed": "slow",
              "pass": true,
              "fail": false,
              "pending": false,
              "context": null,
              "code": "cy.viewport(1300, 660);\ncy.visit(\"https://www.johnmorrisgroup.com/products/laboratory?categoryId=68277\");\nproducts.clickadaptorsOrLinkers();\ncy.clearCookies();",
              "err": {},
              "uuid": "f1f49ea6-226f-44f3-98dc-483666f725f5",
              "parentUUID": "e44a1e6c-333a-45b9-9988-489bb702f349",
              "isHook": false,
              "skipped": false
            },
            {
              "title": "Check_Labortory_Subcategories_Compression bandages",
              "fullTitle": "Products_And_SubCategories Check_Labortory_Subcategories_Compression bandages",
              "timedOut": null,
              "duration": 16357,
              "state": "failed",
              "speed": null,
              "pass": false,
              "fail": true,
              "pending": false,
              "context": null,
              "code": "//i should be 665\ncy.viewport(1300, 660);\ncy.visit(\"https://www.johnmorrisgroup.com/products/laboratory?categoryId=68277\");\nproducts.clickCompressionBandages();\ncy.clearCookies();",
              "err": {
                "message": "AssertionError: Timed out retrying after 4000ms: Expected to find element: `h4`, but never found it.",
                "estack": "AssertionError: Timed out retrying after 4000ms: Expected to find element: `h4`, but never found it.\n    at JM_ProductFun.clickCompressionBandages (webpack://john_morris_revamp/./cypress/e2e/functions/JM_ProductFun.js:13:7)\n    at Context.eval (webpack://john_morris_revamp/./cypress/e2e/scripts/JM_Products.cy.js:25:13)",
                "diff": null
              },
              "uuid": "35560dc6-f9fc-4535-99ad-80a6547619d3",
              "parentUUID": "e44a1e6c-333a-45b9-9988-489bb702f349",
              "isHook": false,
              "skipped": false
            },
            {
              "title": "Check_Labortory_Subcategories_Air compressors",
              "fullTitle": "Products_And_SubCategories Check_Labortory_Subcategories_Air compressors",
              "timedOut": null,
              "duration": 13172,
              "state": "passed",
              "speed": "slow",
              "pass": true,
              "fail": false,
              "pending": false,
              "context": null,
              "code": "cy.viewport(1300, 660);\ncy.visit(\"https://www.johnmorrisgroup.com/products/laboratory?categoryId=68277\");\nproducts.clickAircompressors();\ncy.clearCookies();",
              "err": {},
              "uuid": "42949a16-b5d0-41cc-8578-874ba69c0283",
              "parentUUID": "e44a1e6c-333a-45b9-9988-489bb702f349",
              "isHook": false,
              "skipped": false
            },
            {
              "title": "Check_Labortory_Subcategories_Bench protectors or liners",
              "fullTitle": "Products_And_SubCategories Check_Labortory_Subcategories_Bench protectors or liners",
              "timedOut": null,
              "duration": 17314,
              "state": "passed",
              "speed": "slow",
              "pass": true,
              "fail": false,
              "pending": false,
              "context": null,
              "code": "cy.viewport(1300, 660);\ncy.visit(\"https://www.johnmorrisgroup.com/products/laboratory?categoryId=68277\");\nproducts.clickBenchprotectorsorliners();\ncy.clearCookies();",
              "err": {},
              "uuid": "832429b5-a077-4410-a58c-33659c1eb515",
              "parentUUID": "e44a1e6c-333a-45b9-9988-489bb702f349",
              "isHook": false,
              "skipped": false
            },
            {
              "title": "Check_Labortory_Subcategories_Bench scales",
              "fullTitle": "Products_And_SubCategories Check_Labortory_Subcategories_Bench scales",
              "timedOut": null,
              "duration": 6802,
              "state": "passed",
              "speed": "medium",
              "pass": true,
              "fail": false,
              "pending": false,
              "context": null,
              "code": "cy.viewport(1300, 660);\ncy.visit(\"https://www.johnmorrisgroup.com/products/laboratory?categoryId=68277\");\nproducts.clickBenchscales();\ncy.clearCookies();",
              "err": {},
              "uuid": "43873192-425c-4540-86ab-f1e6a761dd8b",
              "parentUUID": "e44a1e6c-333a-45b9-9988-489bb702f349",
              "isHook": false,
              "skipped": false
            },
            {
              "title": "Check_Labortory_Subcategories_Benchtop centrifuges",
              "fullTitle": "Products_And_SubCategories Check_Labortory_Subcategories_Benchtop centrifuges",
              "timedOut": null,
              "duration": 8720,
              "state": "passed",
              "speed": "medium",
              "pass": true,
              "fail": false,
              "pending": false,
              "context": null,
              "code": "cy.viewport(1300, 660);\ncy.visit(\"https://www.johnmorrisgroup.com/products/laboratory?categoryId=68277\");\nproducts.clickBenchtopcentrifuges();\ncy.clearCookies();",
              "err": {},
              "uuid": "1f4aaca4-98f7-4ea0-9030-08b37c00b4bf",
              "parentUUID": "e44a1e6c-333a-45b9-9988-489bb702f349",
              "isHook": false,
              "skipped": false
            },
            {
              "title": "Check_Labortory_Subcategories_Binocular light compound microscopes",
              "fullTitle": "Products_And_SubCategories Check_Labortory_Subcategories_Binocular light compound microscopes",
              "timedOut": null,
              "duration": 10558,
              "state": "passed",
              "speed": "slow",
              "pass": true,
              "fail": false,
              "pending": false,
              "context": null,
              "code": "cy.viewport(1300, 660);\ncy.visit(\"https://www.johnmorrisgroup.com/products/laboratory?categoryId=68277\");\nproducts.clickBinocularlightcompoundmicroscopes();\ncy.clearCookies();",
              "err": {},
              "uuid": "9fb009cb-7654-4b39-8a98-d01d7e970ccf",
              "parentUUID": "e44a1e6c-333a-45b9-9988-489bb702f349",
              "isHook": false,
              "skipped": false
            },
            {
              "title": "Check_Labortory_Subcategories_Biological safety cabinet",
              "fullTitle": "Products_And_SubCategories Check_Labortory_Subcategories_Biological safety cabinet",
              "timedOut": null,
              "duration": 10591,
              "state": "passed",
              "speed": "slow",
              "pass": true,
              "fail": false,
              "pending": false,
              "context": null,
              "code": "cy.viewport(1300, 660);\ncy.visit(\"https://www.johnmorrisgroup.com/products/laboratory?categoryId=68277\");\nproducts.clickBiologicalsafetycabinet();\ncy.clearCookies();",
              "err": {},
              "uuid": "5ebdf4c7-947f-4415-bebf-7806df0dca1c",
              "parentUUID": "e44a1e6c-333a-45b9-9988-489bb702f349",
              "isHook": false,
              "skipped": false
            },
            {
              "title": "Check_Labortory_Subcategories_Blotting membranes",
              "fullTitle": "Products_And_SubCategories Check_Labortory_Subcategories_Blotting membranes",
              "timedOut": null,
              "duration": 15445,
              "state": "passed",
              "speed": "slow",
              "pass": true,
              "fail": false,
              "pending": false,
              "context": null,
              "code": "cy.viewport(1300, 660);\ncy.visit(\"https://www.johnmorrisgroup.com/products/laboratory?categoryId=68277\");\nproducts.clickBlottingmembranes();\ncy.clearCookies();",
              "err": {},
              "uuid": "d1ed8bfa-5ac9-443e-a173-637ef14294dd",
              "parentUUID": "e44a1e6c-333a-45b9-9988-489bb702f349",
              "isHook": false,
              "skipped": false
            },
            {
              "title": "Check_Labortory_Subcategories_Bottle cappers or cotton inserters or safety seal applicators",
              "fullTitle": "Products_And_SubCategories Check_Labortory_Subcategories_Bottle cappers or cotton inserters or safety seal applicators",
              "timedOut": null,
              "duration": 9595,
              "state": "passed",
              "speed": "medium",
              "pass": true,
              "fail": false,
              "pending": false,
              "context": null,
              "code": "cy.viewport(1300, 660);\ncy.visit(\"https://www.johnmorrisgroup.com/products/laboratory?categoryId=68277\");\nproducts.clickBottlecappers();\ncy.clearCookies();",
              "err": {},
              "uuid": "4c3bce3a-7e47-405f-b06d-e6cb425dcea4",
              "parentUUID": "e44a1e6c-333a-45b9-9988-489bb702f349",
              "isHook": false,
              "skipped": false
            },
            {
              "title": "Check_Labortory_Subcategories_Bottle top dispensers",
              "fullTitle": "Products_And_SubCategories Check_Labortory_Subcategories_Bottle top dispensers",
              "timedOut": null,
              "duration": 12808,
              "state": "passed",
              "speed": "slow",
              "pass": true,
              "fail": false,
              "pending": false,
              "context": null,
              "code": "cy.viewport(1300, 660);\ncy.visit(\"https://www.johnmorrisgroup.com/products/laboratory?categoryId=68277\");\nproducts.clickBottletopdispensers();\ncy.clearCookies();",
              "err": {},
              "uuid": "751e7eb7-d68d-401a-98e4-56857f8b9170",
              "parentUUID": "e44a1e6c-333a-45b9-9988-489bb702f349",
              "isHook": false,
              "skipped": false
            },
            {
              "title": "Check_Labortory_Subcategories_Bottletops or filtration cups",
              "fullTitle": "Products_And_SubCategories Check_Labortory_Subcategories_Bottletops or filtration cups",
              "timedOut": null,
              "duration": 5151,
              "state": "passed",
              "speed": "medium",
              "pass": true,
              "fail": false,
              "pending": false,
              "context": null,
              "code": "cy.viewport(1300, 660);\ncy.visit(\"https://www.johnmorrisgroup.com/products/laboratory?categoryId=68277\");\nproducts.clickBottletopsorfiltrationcups();\ncy.clearCookies();",
              "err": {},
              "uuid": "0cd10e36-0de3-4b5b-a9a1-caf3fbee5180",
              "parentUUID": "e44a1e6c-333a-45b9-9988-489bb702f349",
              "isHook": false,
              "skipped": false
            },
            {
              "title": "Check_Labortory_Subcategories_Cabinet desiccators",
              "fullTitle": "Products_And_SubCategories Check_Labortory_Subcategories_Cabinet desiccators",
              "timedOut": null,
              "duration": 5135,
              "state": "passed",
              "speed": "medium",
              "pass": true,
              "fail": false,
              "pending": false,
              "context": null,
              "code": "cy.viewport(1300, 660);\ncy.visit(\"https://www.johnmorrisgroup.com/products/laboratory?categoryId=68277\");\nproducts.clickCabinetdesiccators();\ncy.clearCookies();",
              "err": {},
              "uuid": "3a94393f-d464-470b-84ed-6ec6c8b0c5a8",
              "parentUUID": "e44a1e6c-333a-45b9-9988-489bb702f349",
              "isHook": false,
              "skipped": false
            },
            {
              "title": "Check_Labortory_Subcategories_Aluminum foil",
              "fullTitle": "Products_And_SubCategories Check_Labortory_Subcategories_Aluminum foil",
              "timedOut": null,
              "duration": 1807,
              "state": "passed",
              "speed": "fast",
              "pass": true,
              "fail": false,
              "pending": false,
              "context": null,
              "code": "cy.viewport(1300, 660);\ncy.visit(\"https://www.johnmorrisgroup.com/products/laboratory?categoryId=68277\");\nproducts.clickAluminumfoil();\ncy.clearCookies();",
              "err": {},
              "uuid": "eae62586-4b1a-4581-b84a-2f46a9c916e8",
              "parentUUID": "e44a1e6c-333a-45b9-9988-489bb702f349",
              "isHook": false,
              "skipped": false
            },
            {
              "title": "Check_Labortory_Subcategories_Anaerobic environmental culture systems or supplies",
              "fullTitle": "Products_And_SubCategories Check_Labortory_Subcategories_Anaerobic environmental culture systems or supplies",
              "timedOut": null,
              "duration": 2105,
              "state": "passed",
              "speed": "fast",
              "pass": true,
              "fail": false,
              "pending": false,
              "context": null,
              "code": "cy.viewport(1300, 660);\ncy.visit(\"https://www.johnmorrisgroup.com/products/laboratory?categoryId=68277\");\nproducts.clickAnaerobicenvironmental();\ncy.clearCookies();",
              "err": {},
              "uuid": "ac63a90f-73e1-42f7-a7e7-0f7fe4624d3c",
              "parentUUID": "e44a1e6c-333a-45b9-9988-489bb702f349",
              "isHook": false,
              "skipped": false
            },
            {
              "title": "Check_Labortory_Subcategories_Analytical balances",
              "fullTitle": "Products_And_SubCategories Check_Labortory_Subcategories_Analytical balances",
              "timedOut": null,
              "duration": 4813,
              "state": "passed",
              "speed": "fast",
              "pass": true,
              "fail": false,
              "pending": false,
              "context": null,
              "code": "cy.viewport(1300, 660);\ncy.visit(\"https://www.johnmorrisgroup.com/products/laboratory?categoryId=68277\");\nproducts.clickAnalyticalbalances();\ncy.clearCookies();",
              "err": {},
              "uuid": "d638637e-06ed-4c97-93a5-f3513863e84b",
              "parentUUID": "e44a1e6c-333a-45b9-9988-489bb702f349",
              "isHook": false,
              "skipped": false
            },
            {
              "title": "Check_Labortory_Subcategories_Anemometers",
              "fullTitle": "Products_And_SubCategories Check_Labortory_Subcategories_Anemometers",
              "timedOut": null,
              "duration": 34951,
              "state": "failed",
              "speed": null,
              "pass": false,
              "fail": true,
              "pending": false,
              "context": null,
              "code": "cy.viewport(1300, 660);\ncy.visit(\"https://www.johnmorrisgroup.com/products/laboratory?categoryId=68277\");\nproducts.clickAnemometers();\ncy.clearCookies();",
              "err": {
                "message": "CypressError: `cy.screenshot()` timed out waiting `30000ms` to complete.",
                "estack": "CypressError: `cy.screenshot()` timed out waiting `30000ms` to complete.\n    at https://www.johnmorrisgroup.com/__cypress/runner/cypress_runner.js:134709:73\n    at tryCatcher (https://www.johnmorrisgroup.com/__cypress/runner/cypress_runner.js:1807:23)\n    at https://www.johnmorrisgroup.com/__cypress/runner/cypress_runner.js:4186:41\n    at tryCatcher (https://www.johnmorrisgroup.com/__cypress/runner/cypress_runner.js:1807:23)\n    at Promise._settlePromiseFromHandler (https://www.johnmorrisgroup.com/__cypress/runner/cypress_runner.js:1519:31)\n    at Promise._settlePromise (https://www.johnmorrisgroup.com/__cypress/runner/cypress_runner.js:1576:18)\n    at Promise._settlePromise0 (https://www.johnmorrisgroup.com/__cypress/runner/cypress_runner.js:1621:10)\n    at Promise._settlePromises (https://www.johnmorrisgroup.com/__cypress/runner/cypress_runner.js:1697:18)\n    at _drainQueueStep (https://www.johnmorrisgroup.com/__cypress/runner/cypress_runner.js:2407:12)\n    at _drainQueue (https://www.johnmorrisgroup.com/__cypress/runner/cypress_runner.js:2400:9)\n    at Async._drainQueues (https://www.johnmorrisgroup.com/__cypress/runner/cypress_runner.js:2416:5)\n    at Async.drainQueues (https://www.johnmorrisgroup.com/__cypress/runner/cypress_runner.js:2286:14)",
                "diff": null
              },
              "uuid": "b65f91ae-b765-43e6-a8a8-7753422573f8",
              "parentUUID": "e44a1e6c-333a-45b9-9988-489bb702f349",
              "isHook": false,
              "skipped": false
            },
            {
              "title": "Check_Labortory_Subcategories_Calibration sources",
              "fullTitle": "Products_And_SubCategories Check_Labortory_Subcategories_Calibration sources",
              "timedOut": null,
              "duration": 16457,
              "state": "passed",
              "speed": "slow",
              "pass": true,
              "fail": false,
              "pending": false,
              "context": null,
              "code": "cy.viewport(1300, 660);\ncy.visit(\"https://www.johnmorrisgroup.com/products/laboratory?categoryId=68277\");\nproducts.clickCalibrationsources();\ncy.clearCookies();",
              "err": {},
              "uuid": "7076fa74-e2fb-4d50-baae-c3a00729a06f",
              "parentUUID": "e44a1e6c-333a-45b9-9988-489bb702f349",
              "isHook": false,
              "skipped": false
            },
            {
              "title": "Check_Labortory_Subcategories_Calibration weights or weight sets",
              "fullTitle": "Products_And_SubCategories Check_Labortory_Subcategories_Calibration weights or weight sets",
              "timedOut": null,
              "duration": 6472,
              "state": "passed",
              "speed": "medium",
              "pass": true,
              "fail": false,
              "pending": false,
              "context": null,
              "code": "cy.viewport(1300, 660);\ncy.visit(\"https://www.johnmorrisgroup.com/products/laboratory?categoryId=68277\");\nproducts.clickCalibrationweightsorweightsets();\ncy.clearCookies();",
              "err": {},
              "uuid": "758910f3-6ce8-416e-bcfa-003b7eaed0e9",
              "parentUUID": "e44a1e6c-333a-45b9-9988-489bb702f349",
              "isHook": false,
              "skipped": false
            },
            {
              "title": "Check_Labortory_Subcategories_Calorimeters",
              "fullTitle": "Products_And_SubCategories Check_Labortory_Subcategories_Calorimeters",
              "timedOut": null,
              "duration": 4685,
              "state": "passed",
              "speed": "fast",
              "pass": true,
              "fail": false,
              "pending": false,
              "context": null,
              "code": "cy.viewport(1300, 660);\ncy.visit(\"https://www.johnmorrisgroup.com/products/laboratory?categoryId=68277\");\nproducts.clickCalorimeters();\ncy.clearCookies();",
              "err": {},
              "uuid": "650f34fc-f007-4969-aae0-29ae307e558d",
              "parentUUID": "e44a1e6c-333a-45b9-9988-489bb702f349",
              "isHook": false,
              "skipped": false
            },
            {
              "title": "Check_Labortory_Subcategories_Capillaries or cartridges",
              "fullTitle": "Products_And_SubCategories Check_Labortory_Subcategories_Capillaries or cartridges",
              "timedOut": null,
              "duration": 5245,
              "state": "passed",
              "speed": "medium",
              "pass": true,
              "fail": false,
              "pending": false,
              "context": null,
              "code": "cy.viewport(1300, 660);\ncy.visit(\"https://www.johnmorrisgroup.com/products/laboratory?categoryId=68277\");\nproducts.clickCapillariesorcartridges();\ncy.clearCookies();",
              "err": {},
              "uuid": "cd33345c-49e0-49dc-8a91-f5a5baf99506",
              "parentUUID": "e44a1e6c-333a-45b9-9988-489bb702f349",
              "isHook": false,
              "skipped": false
            },
            {
              "title": "Check_Labortory_Subcategories_Ball mills",
              "fullTitle": "Products_And_SubCategories Check_Labortory_Subcategories_Ball mills",
              "timedOut": null,
              "duration": 6621,
              "state": "passed",
              "speed": "medium",
              "pass": true,
              "fail": false,
              "pending": false,
              "context": null,
              "code": "cy.viewport(1300, 660);\ncy.visit(\"https://www.johnmorrisgroup.com/products/laboratory?categoryId=68277\");\nproducts.clickBallmills();\ncy.clearCookies();",
              "err": {},
              "uuid": "a3796ac1-dc8b-407a-821d-10276f7e3bce",
              "parentUUID": "e44a1e6c-333a-45b9-9988-489bb702f349",
              "isHook": false,
              "skipped": false
            },
            {
              "title": "Check_Labortory_Subcategories_Capillary or hematocrit tubes",
              "fullTitle": "Products_And_SubCategories Check_Labortory_Subcategories_Capillary or hematocrit tubes",
              "timedOut": null,
              "duration": 2330,
              "state": "passed",
              "speed": "fast",
              "pass": true,
              "fail": false,
              "pending": false,
              "context": null,
              "code": "cy.viewport(1300, 660);\ncy.visit(\"https://www.johnmorrisgroup.com/products/laboratory?categoryId=68277\");\nproducts.clickCapillaryorhematocrittubes();\ncy.clearCookies();",
              "err": {},
              "uuid": "b590392d-463c-495d-9460-b540f18d27b7",
              "parentUUID": "e44a1e6c-333a-45b9-9988-489bb702f349",
              "isHook": false,
              "skipped": false
            },
            {
              "title": "Check_Labortory_Subcategories_Caps or tops",
              "fullTitle": "Products_And_SubCategories Check_Labortory_Subcategories_Caps or tops",
              "timedOut": null,
              "duration": 1756,
              "state": "passed",
              "speed": "fast",
              "pass": true,
              "fail": false,
              "pending": false,
              "context": null,
              "code": "cy.viewport(1300, 660);\ncy.visit(\"https://www.johnmorrisgroup.com/products/laboratory?categoryId=68277\");\nproducts.clickCapsortops();\ncy.clearCookies();",
              "err": {},
              "uuid": "18ab93f7-1a72-4646-a6c9-c903de0d23f7",
              "parentUUID": "e44a1e6c-333a-45b9-9988-489bb702f349",
              "isHook": false,
              "skipped": false
            },
            {
              "title": "Check_Labortory_Subcategories_Centrifuge buckets",
              "fullTitle": "Products_And_SubCategories Check_Labortory_Subcategories_Centrifuge buckets",
              "timedOut": null,
              "duration": 1843,
              "state": "passed",
              "speed": "fast",
              "pass": true,
              "fail": false,
              "pending": false,
              "context": null,
              "code": "cy.viewport(1300, 660);\ncy.visit(\"https://www.johnmorrisgroup.com/products/laboratory?categoryId=68277\");\nproducts.clickCentrifugebuckets();\ncy.clearCookies();",
              "err": {},
              "uuid": "1db4429f-e9c1-45e2-8b52-19be298d584e",
              "parentUUID": "e44a1e6c-333a-45b9-9988-489bb702f349",
              "isHook": false,
              "skipped": false
            },
            {
              "title": "Check_Labortory_Subcategories_Capsules filters",
              "fullTitle": "Products_And_SubCategories Check_Labortory_Subcategories_Capsules filters",
              "timedOut": null,
              "duration": 6174,
              "state": "passed",
              "speed": "medium",
              "pass": true,
              "fail": false,
              "pending": false,
              "context": null,
              "code": "cy.viewport(1300, 660);\ncy.visit(\"https://www.johnmorrisgroup.com/products/laboratory?categoryId=68277\");\nproducts.clickCapsulesfilters();\ncy.clearCookies();",
              "err": {},
              "uuid": "6ad45999-bbbb-4aea-afc4-fad9b3ddc4e9",
              "parentUUID": "e44a1e6c-333a-45b9-9988-489bb702f349",
              "isHook": false,
              "skipped": false
            },
            {
              "title": "Check_Labortory_Subcategories_Carbon_dioxide incubator",
              "fullTitle": "Products_And_SubCategories Check_Labortory_Subcategories_Carbon_dioxide incubator",
              "timedOut": null,
              "duration": 1914,
              "state": "passed",
              "speed": "fast",
              "pass": true,
              "fail": false,
              "pending": false,
              "context": null,
              "code": "cy.viewport(1300, 660);\ncy.visit(\"https://www.johnmorrisgroup.com/products/laboratory?categoryId=68277\");\nproducts.clickCarbondioxideincubator();\ncy.clearCookies();",
              "err": {},
              "uuid": "8ed4c17b-0e33-424a-92ee-a1c9097d01dd",
              "parentUUID": "e44a1e6c-333a-45b9-9988-489bb702f349",
              "isHook": false,
              "skipped": false
            },
            {
              "title": "Check_Labortory_Subcategories_Carts",
              "fullTitle": "Products_And_SubCategories Check_Labortory_Subcategories_Carts",
              "timedOut": null,
              "duration": 5387,
              "state": "passed",
              "speed": "medium",
              "pass": true,
              "fail": false,
              "pending": false,
              "context": null,
              "code": "cy.viewport(1300, 660);\ncy.visit(\"https://www.johnmorrisgroup.com/products/laboratory?categoryId=68277\");\nproducts.clickCarts();\ncy.clearCookies();",
              "err": {},
              "uuid": "975c33cd-abe1-4944-8d1d-6104f20754d0",
              "parentUUID": "e44a1e6c-333a-45b9-9988-489bb702f349",
              "isHook": false,
              "skipped": false
            },
            {
              "title": "Check_Labortory_Subcategories_Cell culture glass capillary tube",
              "fullTitle": "Products_And_SubCategories Check_Labortory_Subcategories_Cell culture glass capillary tube",
              "timedOut": null,
              "duration": 1983,
              "state": "passed",
              "speed": "fast",
              "pass": true,
              "fail": false,
              "pending": false,
              "context": null,
              "code": "cy.viewport(1300, 660);\ncy.visit(\"https://www.johnmorrisgroup.com/products/laboratory?categoryId=68277\");\nproducts.clickCellcultureglasscapillarytube();\ncy.clearCookies();",
              "err": {},
              "uuid": "4c1c47af-abeb-49fb-bd94-dfad5be3f215",
              "parentUUID": "e44a1e6c-333a-45b9-9988-489bb702f349",
              "isHook": false,
              "skipped": false
            },
            {
              "title": "Check_Labortory_Subcategories_Cell scrapers",
              "fullTitle": "Products_And_SubCategories Check_Labortory_Subcategories_Cell scrapers",
              "timedOut": null,
              "duration": 2011,
              "state": "passed",
              "speed": "fast",
              "pass": true,
              "fail": false,
              "pending": false,
              "context": null,
              "code": "cy.viewport(1300, 660);\ncy.visit(\"https://www.johnmorrisgroup.com/products/laboratory?categoryId=68277\");\nproducts.clickCellscrapers();\ncy.clearCookies();",
              "err": {},
              "uuid": "6316de2f-e99f-46f6-85c2-270726a34c64",
              "parentUUID": "e44a1e6c-333a-45b9-9988-489bb702f349",
              "isHook": false,
              "skipped": false
            },
            {
              "title": "Check_Labortory_Subcategories_Centrifugal filters",
              "fullTitle": "Products_And_SubCategories Check_Labortory_Subcategories_Centrifugal filters",
              "timedOut": null,
              "duration": 1839,
              "state": "passed",
              "speed": "fast",
              "pass": true,
              "fail": false,
              "pending": false,
              "context": null,
              "code": "cy.viewport(1300, 660);\ncy.visit(\"https://www.johnmorrisgroup.com/products/laboratory?categoryId=68277\");\nproducts.clickCentrifugalfilters();\ncy.clearCookies();",
              "err": {},
              "uuid": "5739e6c2-55a0-413d-8968-33d598a09c19",
              "parentUUID": "e44a1e6c-333a-45b9-9988-489bb702f349",
              "isHook": false,
              "skipped": false
            },
            {
              "title": "Check_Labortory_Subcategories_Centrifuge adapters",
              "fullTitle": "Products_And_SubCategories Check_Labortory_Subcategories_Centrifuge adapters",
              "timedOut": null,
              "duration": 2568,
              "state": "passed",
              "speed": "fast",
              "pass": true,
              "fail": false,
              "pending": false,
              "context": null,
              "code": "cy.viewport(1300, 660);\ncy.visit(\"https://www.johnmorrisgroup.com/products/laboratory?categoryId=68277\");\nproducts.clickCentrifugeadapters();\ncy.clearCookies();",
              "err": {},
              "uuid": "649f03cd-80e2-4a23-8f1a-cf7eb52af1b0",
              "parentUUID": "e44a1e6c-333a-45b9-9988-489bb702f349",
              "isHook": false,
              "skipped": false
            },
            {
              "title": "Check_Labortory_Subcategories_Centrifuge rotors",
              "fullTitle": "Products_And_SubCategories Check_Labortory_Subcategories_Centrifuge rotors",
              "timedOut": null,
              "duration": 4230,
              "state": "passed",
              "speed": "fast",
              "pass": true,
              "fail": false,
              "pending": false,
              "context": null,
              "code": "cy.viewport(1300, 660);\ncy.visit(\"https://www.johnmorrisgroup.com/products/laboratory?categoryId=68277\");\nproducts.clickCentrifugerotors();\ncy.clearCookies();",
              "err": {},
              "uuid": "09b7cfb1-262e-4c75-950d-4aac925b2938",
              "parentUUID": "e44a1e6c-333a-45b9-9988-489bb702f349",
              "isHook": false,
              "skipped": false
            },
            {
              "title": "Check_Labortory_Subcategories_Centrifuge tubes",
              "fullTitle": "Products_And_SubCategories Check_Labortory_Subcategories_Centrifuge tubes",
              "timedOut": null,
              "duration": 2657,
              "state": "passed",
              "speed": "fast",
              "pass": true,
              "fail": false,
              "pending": false,
              "context": null,
              "code": "cy.viewport(1300, 660);\ncy.visit(\"https://www.johnmorrisgroup.com/products/laboratory?categoryId=68277\");\nproducts.clickCentrifugetubes();\ncy.clearCookies();",
              "err": {},
              "uuid": "206fde84-fd36-4308-b692-bccfc237f87d",
              "parentUUID": "e44a1e6c-333a-45b9-9988-489bb702f349",
              "isHook": false,
              "skipped": false
            },
            {
              "title": "Check_Labortory_Subcategories_Centrifuges",
              "fullTitle": "Products_And_SubCategories Check_Labortory_Subcategories_Centrifuges",
              "timedOut": null,
              "duration": 4024,
              "state": "passed",
              "speed": "fast",
              "pass": true,
              "fail": false,
              "pending": false,
              "context": null,
              "code": "cy.viewport(1300, 660);\ncy.visit(\"https://www.johnmorrisgroup.com/products/laboratory?categoryId=68277\");\nproducts.clickCentrifuges();\ncy.clearCookies();",
              "err": {},
              "uuid": "af8c7916-6ff8-4f28-86b9-f1ed540fd0e0",
              "parentUUID": "e44a1e6c-333a-45b9-9988-489bb702f349",
              "isHook": false,
              "skipped": false
            },
            {
              "title": "Check_Labortory_Subcategories_Ceramic crucibles",
              "fullTitle": "Products_And_SubCategories Check_Labortory_Subcategories_Ceramic crucibles",
              "timedOut": null,
              "duration": 2927,
              "state": "passed",
              "speed": "fast",
              "pass": true,
              "fail": false,
              "pending": false,
              "context": null,
              "code": "cy.viewport(1300, 660);\ncy.visit(\"https://www.johnmorrisgroup.com/products/laboratory?categoryId=68277\");\nproducts.clickCeramiccrucibles();\ncy.clearCookies();",
              "err": {},
              "uuid": "263dc2a2-1b5d-4921-bff3-890a6316627f",
              "parentUUID": "e44a1e6c-333a-45b9-9988-489bb702f349",
              "isHook": false,
              "skipped": false
            },
            {
              "title": "Check_Labortory_Subcategories_Chart recorders",
              "fullTitle": "Products_And_SubCategories Check_Labortory_Subcategories_Chart recorders",
              "timedOut": null,
              "duration": 2190,
              "state": "passed",
              "speed": "fast",
              "pass": true,
              "fail": false,
              "pending": false,
              "context": null,
              "code": "cy.viewport(1300, 660);\ncy.visit(\"https://www.johnmorrisgroup.com/products/laboratory?categoryId=68277\");\nproducts.clickChartrecorders();\ncy.clearCookies();",
              "err": {},
              "uuid": "847e22e2-647f-4624-9bae-6efd583da943",
              "parentUUID": "e44a1e6c-333a-45b9-9988-489bb702f349",
              "isHook": false,
              "skipped": false
            },
            {
              "title": "Check_Labortory_Subcategories_Chemiluminescence or bioluminescence analyzers",
              "fullTitle": "Products_And_SubCategories Check_Labortory_Subcategories_Chemiluminescence or bioluminescence analyzers",
              "timedOut": null,
              "duration": 1909,
              "state": "passed",
              "speed": "fast",
              "pass": true,
              "fail": false,
              "pending": false,
              "context": null,
              "code": "cy.viewport(1300, 660);\ncy.visit(\"https://www.johnmorrisgroup.com/products/laboratory?categoryId=68277\");\nproducts.clickChemiluminescence();\ncy.clearCookies();",
              "err": {},
              "uuid": "97e90118-90f2-4730-96bd-2b3f3c41cf24",
              "parentUUID": "e44a1e6c-333a-45b9-9988-489bb702f349",
              "isHook": false,
              "skipped": false
            },
            {
              "title": "Check_Labortory_Subcategories_Chemistry analyzers",
              "fullTitle": "Products_And_SubCategories Check_Labortory_Subcategories_Chemistry analyzers",
              "timedOut": null,
              "duration": 2927,
              "state": "passed",
              "speed": "fast",
              "pass": true,
              "fail": false,
              "pending": false,
              "context": null,
              "code": "cy.viewport(1300, 660);\ncy.visit(\"https://www.johnmorrisgroup.com/products/laboratory?categoryId=68277\");\nproducts.clickChemistryanalyzers();\ncy.clearCookies();",
              "err": {},
              "uuid": "d7600130-d248-49c7-a8f2-c507f683588a",
              "parentUUID": "e44a1e6c-333a-45b9-9988-489bb702f349",
              "isHook": false,
              "skipped": false
            },
            {
              "title": "Check_Labortory_Subcategories_Chemistry quality controls or calibrators or standards",
              "fullTitle": "Products_And_SubCategories Check_Labortory_Subcategories_Chemistry quality controls or calibrators or standards",
              "timedOut": null,
              "duration": 2172,
              "state": "passed",
              "speed": "fast",
              "pass": true,
              "fail": false,
              "pending": false,
              "context": null,
              "code": "cy.viewport(1300, 660);\ncy.visit(\"https://www.johnmorrisgroup.com/products/laboratory?categoryId=68277\");\nproducts.clickChemistryquality();\ncy.clearCookies();",
              "err": {},
              "uuid": "ee6170a2-133b-4ea0-937e-96f16a886b1e",
              "parentUUID": "e44a1e6c-333a-45b9-9988-489bb702f349",
              "isHook": false,
              "skipped": false
            },
            {
              "title": "Check_Labortory_Subcategories_Chemistry reagents or solutions",
              "fullTitle": "Products_And_SubCategories Check_Labortory_Subcategories_Chemistry reagents or solutions",
              "timedOut": null,
              "duration": 2203,
              "state": "passed",
              "speed": "fast",
              "pass": true,
              "fail": false,
              "pending": false,
              "context": null,
              "code": "cy.viewport(1300, 660);\ncy.visit(\"https://www.johnmorrisgroup.com/products/laboratory?categoryId=68277\");\nproducts.clickChemistryreagents();\ncy.clearCookies();",
              "err": {},
              "uuid": "3730112a-34ae-4c63-8549-ad42944186f6",
              "parentUUID": "e44a1e6c-333a-45b9-9988-489bb702f349",
              "isHook": false,
              "skipped": false
            },
            {
              "title": "Check_Labortory_Subcategories_Chemistry test kits or supplies",
              "fullTitle": "Products_And_SubCategories Check_Labortory_Subcategories_Chemistry test kits or supplies",
              "timedOut": null,
              "duration": 1894,
              "state": "passed",
              "speed": "fast",
              "pass": true,
              "fail": false,
              "pending": false,
              "context": null,
              "code": "cy.viewport(1300, 660);\ncy.visit(\"https://www.johnmorrisgroup.com/products/laboratory?categoryId=68277\");\nproducts.clickChemistrytest();\ncy.clearCookies();",
              "err": {},
              "uuid": "f37a371c-1558-4a40-828f-d0dc23b94918",
              "parentUUID": "e44a1e6c-333a-45b9-9988-489bb702f349",
              "isHook": false,
              "skipped": false
            },
            {
              "title": "Check_Labortory_Subcategories_Chest freezers",
              "fullTitle": "Products_And_SubCategories Check_Labortory_Subcategories_Chest freezers",
              "timedOut": null,
              "duration": 1680,
              "state": "passed",
              "speed": "fast",
              "pass": true,
              "fail": false,
              "pending": false,
              "context": null,
              "code": "cy.viewport(1300, 660);\ncy.visit(\"https://www.johnmorrisgroup.com/products/laboratory?categoryId=68277\");\nproducts.clickChestfreezers();\ncy.clearCookies();",
              "err": {},
              "uuid": "6c2a459f-c6ca-4941-9a0f-84bbd0d3e749",
              "parentUUID": "e44a1e6c-333a-45b9-9988-489bb702f349",
              "isHook": false,
              "skipped": false
            },
            {
              "title": "Check_Labortory_Subcategories_Chilling units or cold water circulators",
              "fullTitle": "Products_And_SubCategories Check_Labortory_Subcategories_Chilling units or cold water circulators",
              "timedOut": null,
              "duration": 2225,
              "state": "passed",
              "speed": "fast",
              "pass": true,
              "fail": false,
              "pending": false,
              "context": null,
              "code": "cy.viewport(1300, 660);\ncy.visit(\"https://www.johnmorrisgroup.com/products/laboratory?categoryId=68277\");\nproducts.clickChillingunits();\ncy.clearCookies();",
              "err": {},
              "uuid": "8864dc21-0e53-43d3-933b-ff85168759fc",
              "parentUUID": "e44a1e6c-333a-45b9-9988-489bb702f349",
              "isHook": false,
              "skipped": false
            },
            {
              "title": "Check_Labortory_Subcategories_Chromatographic detectors",
              "fullTitle": "Products_And_SubCategories Check_Labortory_Subcategories_Chromatographic detectors",
              "timedOut": null,
              "duration": 1887,
              "state": "passed",
              "speed": "fast",
              "pass": true,
              "fail": false,
              "pending": false,
              "context": null,
              "code": "cy.viewport(1300, 660);\ncy.visit(\"https://www.johnmorrisgroup.com/products/laboratory?categoryId=68277\");\nproducts.clickChromatographicdetectors();\ncy.clearCookies();",
              "err": {},
              "uuid": "5d045488-4c02-46c1-9aa5-1f8ae09c050e",
              "parentUUID": "e44a1e6c-333a-45b9-9988-489bb702f349",
              "isHook": false,
              "skipped": false
            },
            {
              "title": "Check_Labortory_Subcategories_Chromatography columns",
              "fullTitle": "Products_And_SubCategories Check_Labortory_Subcategories_Chromatography columns",
              "timedOut": null,
              "duration": 4321,
              "state": "passed",
              "speed": "fast",
              "pass": true,
              "fail": false,
              "pending": false,
              "context": null,
              "code": "cy.viewport(1300, 660);\ncy.visit(\"https://www.johnmorrisgroup.com/products/laboratory?categoryId=68277\");\nproducts.clickChromatographycolumns();\ncy.clearCookies();",
              "err": {},
              "uuid": "f1d44648-eaca-4e7b-a126-7e56d9efcc7d",
              "parentUUID": "e44a1e6c-333a-45b9-9988-489bb702f349",
              "isHook": false,
              "skipped": false
            },
            {
              "title": "Check_Labortory_Subcategories_Chromatography syringes",
              "fullTitle": "Products_And_SubCategories Check_Labortory_Subcategories_Chromatography syringes",
              "timedOut": null,
              "duration": 3568,
              "state": "passed",
              "speed": "fast",
              "pass": true,
              "fail": false,
              "pending": false,
              "context": null,
              "code": "cy.viewport(1300, 660);\ncy.visit(\"https://www.johnmorrisgroup.com/products/laboratory?categoryId=68277\");\nproducts.clickChromatographysyringes();\ncy.clearCookies();",
              "err": {},
              "uuid": "043e22c8-4034-4877-84a5-71e1d707aed0",
              "parentUUID": "e44a1e6c-333a-45b9-9988-489bb702f349",
              "isHook": false,
              "skipped": false
            },
            {
              "title": "Check_Labortory_Subcategories_Circulating baths",
              "fullTitle": "Products_And_SubCategories Check_Labortory_Subcategories_Circulating baths",
              "timedOut": null,
              "duration": 6529,
              "state": "passed",
              "speed": "medium",
              "pass": true,
              "fail": false,
              "pending": false,
              "context": null,
              "code": "cy.viewport(1300, 660);\ncy.visit(\"https://www.johnmorrisgroup.com/products/laboratory?categoryId=68277\");\nproducts.clickCirculatingbaths();\ncy.clearCookies();",
              "err": {},
              "uuid": "9b803148-e224-4e64-b046-27a0fe70ffee",
              "parentUUID": "e44a1e6c-333a-45b9-9988-489bb702f349",
              "isHook": false,
              "skipped": false
            },
            {
              "title": "Check_Labortory_Subcategories_Clean benches",
              "fullTitle": "Products_And_SubCategories Check_Labortory_Subcategories_Clean benches",
              "timedOut": null,
              "duration": 2051,
              "state": "passed",
              "speed": "fast",
              "pass": true,
              "fail": false,
              "pending": false,
              "context": null,
              "code": "cy.viewport(1300, 660);\ncy.visit(\"https://www.johnmorrisgroup.com/products/laboratory?categoryId=68277\");\nproducts.clickCleanbenches();\ncy.clearCookies();",
              "err": {},
              "uuid": "c02e629a-bd73-49da-8d8c-e61465c52243",
              "parentUUID": "e44a1e6c-333a-45b9-9988-489bb702f349",
              "isHook": false,
              "skipped": false
            },
            {
              "title": "Check_Labortory_Subcategories_Cold traps",
              "fullTitle": "Products_And_SubCategories Check_Labortory_Subcategories_Cold traps",
              "timedOut": null,
              "duration": 2129,
              "state": "passed",
              "speed": "fast",
              "pass": true,
              "fail": false,
              "pending": false,
              "context": null,
              "code": "cy.viewport(1300, 660);\ncy.visit(\"https://www.johnmorrisgroup.com/products/laboratory?categoryId=68277\");\nproducts.clickColdtraps();\ncy.clearCookies();",
              "err": {},
              "uuid": "8ec226a1-1116-432b-aabb-ff461ad56b8e",
              "parentUUID": "e44a1e6c-333a-45b9-9988-489bb702f349",
              "isHook": false,
              "skipped": false
            },
            {
              "title": "Check_Labortory_Subcategories_Colony counter",
              "fullTitle": "Products_And_SubCategories Check_Labortory_Subcategories_Colony counter",
              "timedOut": null,
              "duration": 2298,
              "state": "passed",
              "speed": "fast",
              "pass": true,
              "fail": false,
              "pending": false,
              "context": null,
              "code": "cy.viewport(1300, 660);\ncy.visit(\"https://www.johnmorrisgroup.com/products/laboratory?categoryId=68277\");\nproducts.clickColonycounter();\ncy.clearCookies();",
              "err": {},
              "uuid": "1a399df4-e20c-448a-8a69-61506eac59cb",
              "parentUUID": "e44a1e6c-333a-45b9-9988-489bb702f349",
              "isHook": false,
              "skipped": false
            },
            {
              "title": "Check_Labortory_Subcategories_Color coding tape",
              "fullTitle": "Products_And_SubCategories Check_Labortory_Subcategories_Color coding tape",
              "timedOut": null,
              "duration": 2539,
              "state": "passed",
              "speed": "fast",
              "pass": true,
              "fail": false,
              "pending": false,
              "context": null,
              "code": "cy.viewport(1300, 660);\ncy.visit(\"https://www.johnmorrisgroup.com/products/laboratory?categoryId=68277\");\nproducts.clickColorcodingtape();\ncy.clearCookies();",
              "err": {},
              "uuid": "ffe17962-87b7-439b-a0ac-baaecbf5be82",
              "parentUUID": "e44a1e6c-333a-45b9-9988-489bb702f349",
              "isHook": false,
              "skipped": false
            },
            {
              "title": "Check_Labortory_Subcategories_Colorimeters",
              "fullTitle": "Products_And_SubCategories Check_Labortory_Subcategories_Colorimeters",
              "timedOut": null,
              "duration": 2651,
              "state": "passed",
              "speed": "fast",
              "pass": true,
              "fail": false,
              "pending": false,
              "context": null,
              "code": "cy.viewport(1300, 660);\ncy.visit(\"https://www.johnmorrisgroup.com/products/laboratory?categoryId=68277\");\nproducts.clickColorimeters();\ncy.clearCookies();",
              "err": {},
              "uuid": "11592e64-36fa-4ab4-9268-a46269f3a9e0",
              "parentUUID": "e44a1e6c-333a-45b9-9988-489bb702f349",
              "isHook": false,
              "skipped": false
            },
            {
              "title": "Check_Labortory_Subcategories_Compression bandages",
              "fullTitle": "Products_And_SubCategories Check_Labortory_Subcategories_Compression bandages",
              "timedOut": null,
              "duration": 38706,
              "state": "failed",
              "speed": null,
              "pass": false,
              "fail": true,
              "pending": false,
              "context": null,
              "code": "cy.viewport(1300, 660);\ncy.visit(\"https://www.johnmorrisgroup.com/products/laboratory?categoryId=68277\");\nproducts.clickCompressionbandages();\ncy.clearCookies();",
              "err": {
                "message": "CypressError: `cy.screenshot()` timed out waiting `30000ms` to complete.",
                "estack": "CypressError: `cy.screenshot()` timed out waiting `30000ms` to complete.\n    at https://www.johnmorrisgroup.com/__cypress/runner/cypress_runner.js:134709:73\n    at tryCatcher (https://www.johnmorrisgroup.com/__cypress/runner/cypress_runner.js:1807:23)\n    at https://www.johnmorrisgroup.com/__cypress/runner/cypress_runner.js:4186:41\n    at tryCatcher (https://www.johnmorrisgroup.com/__cypress/runner/cypress_runner.js:1807:23)\n    at Promise._settlePromiseFromHandler (https://www.johnmorrisgroup.com/__cypress/runner/cypress_runner.js:1519:31)\n    at Promise._settlePromise (https://www.johnmorrisgroup.com/__cypress/runner/cypress_runner.js:1576:18)\n    at Promise._settlePromise0 (https://www.johnmorrisgroup.com/__cypress/runner/cypress_runner.js:1621:10)\n    at Promise._settlePromises (https://www.johnmorrisgroup.com/__cypress/runner/cypress_runner.js:1697:18)\n    at _drainQueueStep (https://www.johnmorrisgroup.com/__cypress/runner/cypress_runner.js:2407:12)\n    at _drainQueue (https://www.johnmorrisgroup.com/__cypress/runner/cypress_runner.js:2400:9)\n    at Async._drainQueues (https://www.johnmorrisgroup.com/__cypress/runner/cypress_runner.js:2416:5)\n    at Async.drainQueues (https://www.johnmorrisgroup.com/__cypress/runner/cypress_runner.js:2286:14)",
                "diff": null
              },
              "uuid": "51075efa-1dca-4548-af57-8e322d57c1b8",
              "parentUUID": "e44a1e6c-333a-45b9-9988-489bb702f349",
              "isHook": false,
              "skipped": false
            },
            {
              "title": "Check_Labortory_Subcategories_Conductivity cells",
              "fullTitle": "Products_And_SubCategories Check_Labortory_Subcategories_Conductivity cells",
              "timedOut": null,
              "duration": 5715,
              "state": "passed",
              "speed": "medium",
              "pass": true,
              "fail": false,
              "pending": false,
              "context": null,
              "code": "cy.viewport(1300, 660);\ncy.visit(\"https://www.johnmorrisgroup.com/products/laboratory?categoryId=68277\");\nproducts.clickConductivitycells();\ncy.clearCookies();",
              "err": {},
              "uuid": "4f684393-c4c1-4e09-a30f-72c822ec9fb9",
              "parentUUID": "e44a1e6c-333a-45b9-9988-489bb702f349",
              "isHook": false,
              "skipped": false
            },
            {
              "title": "Check_Labortory_Subcategories_Conductivity meters",
              "fullTitle": "Products_And_SubCategories Check_Labortory_Subcategories_Conductivity meters",
              "timedOut": null,
              "duration": 4163,
              "state": "passed",
              "speed": "fast",
              "pass": true,
              "fail": false,
              "pending": false,
              "context": null,
              "code": "cy.viewport(1300, 660);\ncy.visit(\"https://www.johnmorrisgroup.com/products/laboratory?categoryId=68277\");\nproducts.clickConductivitymeters();\ncy.clearCookies();",
              "err": {},
              "uuid": "64693eb6-b454-48c9-b6b7-9ba8d8cd91d3",
              "parentUUID": "e44a1e6c-333a-45b9-9988-489bb702f349",
              "isHook": false,
              "skipped": false
            },
            {
              "title": "Check_Labortory_Subcategories_Cool containers",
              "fullTitle": "Products_And_SubCategories Check_Labortory_Subcategories_Cool containers",
              "timedOut": null,
              "duration": 2150,
              "state": "passed",
              "speed": "fast",
              "pass": true,
              "fail": false,
              "pending": false,
              "context": null,
              "code": "cy.viewport(1300, 660);\ncy.visit(\"https://www.johnmorrisgroup.com/products/laboratory?categoryId=68277\");\nproducts.clickCoolcontainers();\ncy.clearCookies();",
              "err": {},
              "uuid": "9488651d-a32c-4325-ba0c-bfd551f9b3ae",
              "parentUUID": "e44a1e6c-333a-45b9-9988-489bb702f349",
              "isHook": false,
              "skipped": false
            },
            {
              "title": "Check_Labortory_Subcategories_Cool transport or storage",
              "fullTitle": "Products_And_SubCategories Check_Labortory_Subcategories_Cool transport or storage",
              "timedOut": null,
              "duration": 2052,
              "state": "passed",
              "speed": "fast",
              "pass": true,
              "fail": false,
              "pending": false,
              "context": null,
              "code": "cy.viewport(1300, 660);\ncy.visit(\"https://www.johnmorrisgroup.com/products/laboratory?categoryId=68277\");\nproducts.clickCooltransport();\ncy.clearCookies();",
              "err": {},
              "uuid": "e1ae80aa-6e19-4c72-8699-940deaa1d113",
              "parentUUID": "e44a1e6c-333a-45b9-9988-489bb702f349",
              "isHook": false,
              "skipped": false
            },
            {
              "title": "Check_Labortory_Subcategories_Cotton",
              "fullTitle": "Products_And_SubCategories Check_Labortory_Subcategories_Cotton",
              "timedOut": null,
              "duration": 4819,
              "state": "passed",
              "speed": "fast",
              "pass": true,
              "fail": false,
              "pending": false,
              "context": null,
              "code": "cy.viewport(1300, 660);\ncy.visit(\"https://www.johnmorrisgroup.com/products/laboratory?categoryId=68277\");\nproducts.clickCotton();\ncy.clearCookies();",
              "err": {},
              "uuid": "c6ff23e3-0f9d-41f6-9891-cb4e2f263c16",
              "parentUUID": "e44a1e6c-333a-45b9-9988-489bb702f349",
              "isHook": false,
              "skipped": false
            },
            {
              "title": "Check_Labortory_Subcategories_Counters",
              "fullTitle": "Products_And_SubCategories Check_Labortory_Subcategories_Counters",
              "timedOut": null,
              "duration": 1847,
              "state": "passed",
              "speed": "fast",
              "pass": true,
              "fail": false,
              "pending": false,
              "context": null,
              "code": "cy.viewport(1300, 660);\ncy.visit(\"https://www.johnmorrisgroup.com/products/laboratory?categoryId=68277\");\nproducts.clickCounters();\ncy.clearCookies();",
              "err": {},
              "uuid": "3c038d9a-e654-47a2-8d7c-8af7857dafef",
              "parentUUID": "e44a1e6c-333a-45b9-9988-489bb702f349",
              "isHook": false,
              "skipped": false
            },
            {
              "title": "Check_Labortory_Subcategories_Cryogenic or liquid nitrogen freezers",
              "fullTitle": "Products_And_SubCategories Check_Labortory_Subcategories_Cryogenic or liquid nitrogen freezers",
              "timedOut": null,
              "duration": 2118,
              "state": "passed",
              "speed": "fast",
              "pass": true,
              "fail": false,
              "pending": false,
              "context": null,
              "code": "cy.viewport(1300, 660);\ncy.visit(\"https://www.johnmorrisgroup.com/products/laboratory?categoryId=68277\");\nproducts.clickCryogenic();\ncy.clearCookies();",
              "err": {},
              "uuid": "25666c33-0b53-4cb4-8b3d-e88d720f16f3",
              "parentUUID": "e44a1e6c-333a-45b9-9988-489bb702f349",
              "isHook": false,
              "skipped": false
            },
            {
              "title": "Check_Labortory_Subcategories_Cryogenic storage boxes",
              "fullTitle": "Products_And_SubCategories Check_Labortory_Subcategories_Cryogenic storage boxes",
              "timedOut": null,
              "duration": 2358,
              "state": "passed",
              "speed": "fast",
              "pass": true,
              "fail": false,
              "pending": false,
              "context": null,
              "code": "cy.viewport(1300, 660);\ncy.visit(\"https://www.johnmorrisgroup.com/products/laboratory?categoryId=68277\");\nproducts.clickCryogenicstorageboxes();\ncy.clearCookies();",
              "err": {},
              "uuid": "e268857d-288c-4182-9759-95ecf1c79c8d",
              "parentUUID": "e44a1e6c-333a-45b9-9988-489bb702f349",
              "isHook": false,
              "skipped": false
            },
            {
              "title": "Check_Labortory_Subcategories_Cryogenic tubes",
              "fullTitle": "Products_And_SubCategories Check_Labortory_Subcategories_Cryogenic tubes",
              "timedOut": null,
              "duration": 4251,
              "state": "passed",
              "speed": "fast",
              "pass": true,
              "fail": false,
              "pending": false,
              "context": null,
              "code": "cy.viewport(1300, 660);\ncy.visit(\"https://www.johnmorrisgroup.com/products/laboratory?categoryId=68277\");\nproducts.clickCryogenictubes();\ncy.clearCookies();",
              "err": {},
              "uuid": "8b568e91-9c46-4a83-b2d4-a8b4fda08f34",
              "parentUUID": "e44a1e6c-333a-45b9-9988-489bb702f349",
              "isHook": false,
              "skipped": false
            },
            {
              "title": "Check_Labortory_Subcategories_Cryoracks",
              "fullTitle": "Products_And_SubCategories Check_Labortory_Subcategories_Cryoracks",
              "timedOut": null,
              "duration": 1759,
              "state": "passed",
              "speed": "fast",
              "pass": true,
              "fail": false,
              "pending": false,
              "context": null,
              "code": "cy.viewport(1300, 660);\ncy.visit(\"https://www.johnmorrisgroup.com/products/laboratory?categoryId=68277\");\nproducts.clickCryoracks();\ncy.clearCookies();",
              "err": {},
              "uuid": "e7f5ae80-2e35-4cac-929e-8c893bd01661",
              "parentUUID": "e44a1e6c-333a-45b9-9988-489bb702f349",
              "isHook": false,
              "skipped": false
            },
            {
              "title": "Check_Labortory_Subcategories_Cryostats",
              "fullTitle": "Products_And_SubCategories Check_Labortory_Subcategories_Cryostats",
              "timedOut": null,
              "duration": 1578,
              "state": "passed",
              "speed": "fast",
              "pass": true,
              "fail": false,
              "pending": false,
              "context": null,
              "code": "cy.viewport(1300, 660);\ncy.visit(\"https://www.johnmorrisgroup.com/products/laboratory?categoryId=68277\");\nproducts.clickCryostats();\ncy.clearCookies();",
              "err": {},
              "uuid": "a9842555-f36c-4947-99a8-b909b1cbd200",
              "parentUUID": "e44a1e6c-333a-45b9-9988-489bb702f349",
              "isHook": false,
              "skipped": false
            },
            {
              "title": "Check_Labortory_Subcategories_Culture tubes",
              "fullTitle": "Products_And_SubCategories Check_Labortory_Subcategories_Culture tubes",
              "timedOut": null,
              "duration": 2015,
              "state": "passed",
              "speed": "fast",
              "pass": true,
              "fail": false,
              "pending": false,
              "context": null,
              "code": "cy.viewport(1300, 660);\ncy.visit(\"https://www.johnmorrisgroup.com/products/laboratory?categoryId=68277\");\nproducts.clickCulturetubes();\ncy.clearCookies();",
              "err": {},
              "uuid": "d1f70abf-78f1-4039-b518-f15045d36e14",
              "parentUUID": "e44a1e6c-333a-45b9-9988-489bb702f349",
              "isHook": false,
              "skipped": false
            },
            {
              "title": "Check_Labortory_Subcategories_Cuvettes",
              "fullTitle": "Products_And_SubCategories Check_Labortory_Subcategories_Cuvettes",
              "timedOut": null,
              "duration": 4578,
              "state": "passed",
              "speed": "fast",
              "pass": true,
              "fail": false,
              "pending": false,
              "context": null,
              "code": "cy.viewport(1300, 660);\ncy.visit(\"https://www.johnmorrisgroup.com/products/laboratory?categoryId=68277\");\nproducts.clickCuvettes();\ncy.clearCookies();",
              "err": {},
              "uuid": "7893e564-e636-4c50-bab7-58225ee4904a",
              "parentUUID": "e44a1e6c-333a-45b9-9988-489bb702f349",
              "isHook": false,
              "skipped": false
            },
            {
              "title": "Check_Labortory_Subcategories_Cytology reagents or solutions or stains",
              "fullTitle": "Products_And_SubCategories Check_Labortory_Subcategories_Cytology reagents or solutions or stains",
              "timedOut": null,
              "duration": 1912,
              "state": "passed",
              "speed": "fast",
              "pass": true,
              "fail": false,
              "pending": false,
              "context": null,
              "code": "cy.viewport(1300, 660);\ncy.visit(\"https://www.johnmorrisgroup.com/products/laboratory?categoryId=68277\");\nproducts.clickCytologyreagents();\ncy.clearCookies();",
              "err": {},
              "uuid": "f2731a9a-e920-44b7-8c26-9b42262193b9",
              "parentUUID": "e44a1e6c-333a-45b9-9988-489bb702f349",
              "isHook": false,
              "skipped": false
            },
            {
              "title": "Check_Labortory_Subcategories_Cytology test kits or supplies",
              "fullTitle": "Products_And_SubCategories Check_Labortory_Subcategories_Cytology test kits or supplies",
              "timedOut": null,
              "duration": 2106,
              "state": "passed",
              "speed": "fast",
              "pass": true,
              "fail": false,
              "pending": false,
              "context": null,
              "code": "cy.viewport(1300, 660);\ncy.visit(\"https://www.johnmorrisgroup.com/products/laboratory?categoryId=68277\");\nproducts.clickCytologytestkits();\ncy.clearCookies();",
              "err": {},
              "uuid": "a99fdc6c-bf64-46d0-a227-0df60eb89470",
              "parentUUID": "e44a1e6c-333a-45b9-9988-489bb702f349",
              "isHook": false,
              "skipped": false
            },
            {
              "title": "Check_Labortory_Subcategories_Deionization or demineralization equipment",
              "fullTitle": "Products_And_SubCategories Check_Labortory_Subcategories_Deionization or demineralization equipment",
              "timedOut": null,
              "duration": 2234,
              "state": "passed",
              "speed": "fast",
              "pass": true,
              "fail": false,
              "pending": false,
              "context": null,
              "code": "cy.viewport(1300, 660);\ncy.visit(\"https://www.johnmorrisgroup.com/products/laboratory?categoryId=68277\");\nproducts.clickDeionization();\ncy.clearCookies();",
              "err": {},
              "uuid": "db60feb7-a0ec-4a6f-9818-e11c9fb693ce",
              "parentUUID": "e44a1e6c-333a-45b9-9988-489bb702f349",
              "isHook": false,
              "skipped": false
            },
            {
              "title": "Check_Labortory_Subcategories_Densitometers",
              "fullTitle": "Products_And_SubCategories Check_Labortory_Subcategories_Densitometers",
              "timedOut": null,
              "duration": 2002,
              "state": "passed",
              "speed": "fast",
              "pass": true,
              "fail": false,
              "pending": false,
              "context": null,
              "code": "cy.viewport(1300, 660);\ncy.visit(\"https://www.johnmorrisgroup.com/products/laboratory?categoryId=68277\");\nproducts.clickDensitometers();\ncy.clearCookies();",
              "err": {},
              "uuid": "68c7f600-4e4d-4477-a32c-0f5290f978cf",
              "parentUUID": "e44a1e6c-333a-45b9-9988-489bb702f349",
              "isHook": false,
              "skipped": false
            },
            {
              "title": "Check_Labortory_Subcategories_Desking organizational components",
              "fullTitle": "Products_And_SubCategories Check_Labortory_Subcategories_Desking organizational components",
              "timedOut": null,
              "duration": 1954,
              "state": "passed",
              "speed": "fast",
              "pass": true,
              "fail": false,
              "pending": false,
              "context": null,
              "code": "cy.viewport(1300, 660);\ncy.visit(\"https://www.johnmorrisgroup.com/products/laboratory?categoryId=68277\");\nproducts.clickDesking();\ncy.clearCookies();",
              "err": {},
              "uuid": "630538dc-ee60-44f6-8c98-4282f9fdf644",
              "parentUUID": "e44a1e6c-333a-45b9-9988-489bb702f349",
              "isHook": false,
              "skipped": false
            },
            {
              "title": "Check_Labortory_Subcategories_Dichroic filter",
              "fullTitle": "Products_And_SubCategories Check_Labortory_Subcategories_Dichroic filter",
              "timedOut": null,
              "duration": 1749,
              "state": "passed",
              "speed": "fast",
              "pass": true,
              "fail": false,
              "pending": false,
              "context": null,
              "code": "cy.viewport(1300, 660);\ncy.visit(\"https://www.johnmorrisgroup.com/products/laboratory?categoryId=68277\");\nproducts.clickDichroicfilter();\ncy.clearCookies();",
              "err": {},
              "uuid": "f084b51b-af2a-4012-99b3-1b66fd8ccc7e",
              "parentUUID": "e44a1e6c-333a-45b9-9988-489bb702f349",
              "isHook": false,
              "skipped": false
            },
            {
              "title": "Check_Labortory_Subcategories_Digestion systems",
              "fullTitle": "Products_And_SubCategories Check_Labortory_Subcategories_Digestion systems",
              "timedOut": null,
              "duration": 2011,
              "state": "passed",
              "speed": "fast",
              "pass": true,
              "fail": false,
              "pending": false,
              "context": null,
              "code": "cy.viewport(1300, 660);\ncy.visit(\"https://www.johnmorrisgroup.com/products/laboratory?categoryId=68277\");\nproducts.clickDigestionsystems();\ncy.clearCookies();",
              "err": {},
              "uuid": "558cb997-61de-42ed-bfcf-d4b830310ade",
              "parentUUID": "e44a1e6c-333a-45b9-9988-489bb702f349",
              "isHook": false,
              "skipped": false
            },
            {
              "title": "Check_Labortory_Subcategories_Digital cameras",
              "fullTitle": "Products_And_SubCategories Check_Labortory_Subcategories_Digital cameras",
              "timedOut": null,
              "duration": 1546,
              "state": "passed",
              "speed": "fast",
              "pass": true,
              "fail": false,
              "pending": false,
              "context": null,
              "code": "cy.viewport(1300, 660);\ncy.visit(\"https://www.johnmorrisgroup.com/products/laboratory?categoryId=68277\");\nproducts.clickDigitalcameras();\ncy.clearCookies();",
              "err": {},
              "uuid": "2d1f6b02-ac79-45ac-9658-9e52539ba037",
              "parentUUID": "e44a1e6c-333a-45b9-9988-489bb702f349",
              "isHook": false,
              "skipped": false
            },
            {
              "title": "Check_Labortory_Subcategories_Digital readout recorders",
              "fullTitle": "Products_And_SubCategories Check_Labortory_Subcategories_Digital readout recorders",
              "timedOut": null,
              "duration": 1812,
              "state": "passed",
              "speed": "fast",
              "pass": true,
              "fail": false,
              "pending": false,
              "context": null,
              "code": "cy.viewport(1300, 660);\ncy.visit(\"https://www.johnmorrisgroup.com/products/laboratory?categoryId=68277\");\nproducts.clickDigitalreadoutrecorders();\ncy.clearCookies();",
              "err": {},
              "uuid": "8a462fea-9f08-4e36-a755-539b198607bf",
              "parentUUID": "e44a1e6c-333a-45b9-9988-489bb702f349",
              "isHook": false,
              "skipped": false
            },
            {
              "title": "Check_Labortory_Subcategories_Dissolved oxygen probes",
              "fullTitle": "Products_And_SubCategories Check_Labortory_Subcategories_Dissolved oxygen probes",
              "timedOut": null,
              "duration": 1756,
              "state": "passed",
              "speed": "fast",
              "pass": true,
              "fail": false,
              "pending": false,
              "context": null,
              "code": "cy.viewport(1300, 660);\ncy.visit(\"https://www.johnmorrisgroup.com/products/laboratory?categoryId=68277\");\nproducts.clickDigitalreadoutrecorders();\ncy.clearCookies();",
              "err": {},
              "uuid": "2e1e4e5f-cca6-44ed-97d0-f1ea1e79a134",
              "parentUUID": "e44a1e6c-333a-45b9-9988-489bb702f349",
              "isHook": false,
              "skipped": false
            },
            {
              "title": "Check_Labortory_Subcategories_Diverting manifolds",
              "fullTitle": "Products_And_SubCategories Check_Labortory_Subcategories_Diverting manifolds",
              "timedOut": null,
              "duration": 2254,
              "state": "passed",
              "speed": "fast",
              "pass": true,
              "fail": false,
              "pending": false,
              "context": null,
              "code": "cy.viewport(1300, 660);\ncy.visit(\"https://www.johnmorrisgroup.com/products/laboratory?categoryId=68277\");\nproducts.clickDivertingmanifolds();\ncy.clearCookies();",
              "err": {},
              "uuid": "7810e742-eba6-4a96-9a19-66e41e904eeb",
              "parentUUID": "e44a1e6c-333a-45b9-9988-489bb702f349",
              "isHook": false,
              "skipped": false
            },
            {
              "title": "Check_Labortory_Subcategories_Dollies",
              "fullTitle": "Products_And_SubCategories Check_Labortory_Subcategories_Dollies",
              "timedOut": null,
              "duration": 1523,
              "state": "passed",
              "speed": "fast",
              "pass": true,
              "fail": false,
              "pending": false,
              "context": null,
              "code": "cy.viewport(1300, 660);\ncy.visit(\"https://www.johnmorrisgroup.com/products/laboratory?categoryId=68277\");\nproducts.clickDollies();\ncy.clearCookies();",
              "err": {},
              "uuid": "b6021c46-be55-4c0a-9761-9315b53062fd",
              "parentUUID": "e44a1e6c-333a-45b9-9988-489bb702f349",
              "isHook": false,
              "skipped": false
            },
            {
              "title": "Check_Labortory_Subcategories_Dosing spoons",
              "fullTitle": "Products_And_SubCategories Check_Labortory_Subcategories_Dosing spoons",
              "timedOut": null,
              "duration": 2011,
              "state": "passed",
              "speed": "fast",
              "pass": true,
              "fail": false,
              "pending": false,
              "context": null,
              "code": "cy.viewport(1300, 660);\ncy.visit(\"https://www.johnmorrisgroup.com/products/laboratory?categoryId=68277\");\nproducts.clickDosingspoons();\ncy.clearCookies();",
              "err": {},
              "uuid": "abaccfdb-7dac-4cf9-aefd-2a8a42f84135",
              "parentUUID": "e44a1e6c-333a-45b9-9988-489bb702f349",
              "isHook": false,
              "skipped": false
            },
            {
              "title": "Check_Labortory_Subcategories_Dounce homogenizers",
              "fullTitle": "Products_And_SubCategories Check_Labortory_Subcategories_Dounce homogenizers",
              "timedOut": null,
              "duration": 1806,
              "state": "passed",
              "speed": "fast",
              "pass": true,
              "fail": false,
              "pending": false,
              "context": null,
              "code": "cy.viewport(1300, 660);\ncy.visit(\"https://www.johnmorrisgroup.com/products/laboratory?categoryId=68277\");\nproducts.clickDouncehomogenizers();\ncy.clearCookies();",
              "err": {},
              "uuid": "94b74716-f959-4c43-bc22-40017682f0c1",
              "parentUUID": "e44a1e6c-333a-45b9-9988-489bb702f349",
              "isHook": false,
              "skipped": false
            },
            {
              "title": "Check_Labortory_Subcategories_Dropping pipettes",
              "fullTitle": "Products_And_SubCategories Check_Labortory_Subcategories_Dropping pipettes",
              "timedOut": null,
              "duration": 1666,
              "state": "passed",
              "speed": "fast",
              "pass": true,
              "fail": false,
              "pending": false,
              "context": null,
              "code": "cy.viewport(1300, 660);\ncy.visit(\"https://www.johnmorrisgroup.com/products/laboratory?categoryId=68277\");\nproducts.clickDroppingpipettes();\ncy.clearCookies();",
              "err": {},
              "uuid": "bd5a54b5-8022-4b90-890b-1d0341f1202b",
              "parentUUID": "e44a1e6c-333a-45b9-9988-489bb702f349",
              "isHook": false,
              "skipped": false
            },
            {
              "title": "Check_Labortory_Subcategories_Dry baths or heating blocks",
              "fullTitle": "Products_And_SubCategories Check_Labortory_Subcategories_Dry baths or heating blocks",
              "timedOut": null,
              "duration": 35427,
              "state": "failed",
              "speed": null,
              "pass": false,
              "fail": true,
              "pending": false,
              "context": null,
              "code": "cy.viewport(1300, 660);\ncy.visit(\"https://www.johnmorrisgroup.com/products/laboratory?categoryId=68277\");\nproducts.clickDrybaths();\ncy.clearCookies();",
              "err": {
                "message": "CypressError: `cy.screenshot()` timed out waiting `30000ms` to complete.",
                "estack": "CypressError: `cy.screenshot()` timed out waiting `30000ms` to complete.\n    at https://www.johnmorrisgroup.com/__cypress/runner/cypress_runner.js:134709:73\n    at tryCatcher (https://www.johnmorrisgroup.com/__cypress/runner/cypress_runner.js:1807:23)\n    at https://www.johnmorrisgroup.com/__cypress/runner/cypress_runner.js:4186:41\n    at tryCatcher (https://www.johnmorrisgroup.com/__cypress/runner/cypress_runner.js:1807:23)\n    at Promise._settlePromiseFromHandler (https://www.johnmorrisgroup.com/__cypress/runner/cypress_runner.js:1519:31)\n    at Promise._settlePromise (https://www.johnmorrisgroup.com/__cypress/runner/cypress_runner.js:1576:18)\n    at Promise._settlePromise0 (https://www.johnmorrisgroup.com/__cypress/runner/cypress_runner.js:1621:10)\n    at Promise._settlePromises (https://www.johnmorrisgroup.com/__cypress/runner/cypress_runner.js:1697:18)\n    at _drainQueueStep (https://www.johnmorrisgroup.com/__cypress/runner/cypress_runner.js:2407:12)\n    at _drainQueue (https://www.johnmorrisgroup.com/__cypress/runner/cypress_runner.js:2400:9)\n    at Async._drainQueues (https://www.johnmorrisgroup.com/__cypress/runner/cypress_runner.js:2416:5)\n    at Async.drainQueues (https://www.johnmorrisgroup.com/__cypress/runner/cypress_runner.js:2286:14)",
                "diff": null
              },
              "uuid": "24b7f9be-32d2-43c4-a669-766e00a317c4",
              "parentUUID": "e44a1e6c-333a-45b9-9988-489bb702f349",
              "isHook": false,
              "skipped": false
            },
            {
              "title": "Check_Labortory_Subcategories_Drying cabinets or ovens",
              "fullTitle": "Products_And_SubCategories Check_Labortory_Subcategories_Drying cabinets or ovens",
              "timedOut": null,
              "duration": 39861,
              "state": "failed",
              "speed": null,
              "pass": false,
              "fail": true,
              "pending": false,
              "context": null,
              "code": "cy.viewport(1300, 660);\ncy.visit(\"https://www.johnmorrisgroup.com/products/laboratory?categoryId=68277\");\nproducts.clickDrybaths();\ncy.clearCookies();",
              "err": {
                "message": "CypressError: `cy.screenshot()` timed out waiting `30000ms` to complete.",
                "estack": "CypressError: `cy.screenshot()` timed out waiting `30000ms` to complete.\n    at https://www.johnmorrisgroup.com/__cypress/runner/cypress_runner.js:134709:73\n    at tryCatcher (https://www.johnmorrisgroup.com/__cypress/runner/cypress_runner.js:1807:23)\n    at https://www.johnmorrisgroup.com/__cypress/runner/cypress_runner.js:4186:41\n    at tryCatcher (https://www.johnmorrisgroup.com/__cypress/runner/cypress_runner.js:1807:23)\n    at Promise._settlePromiseFromHandler (https://www.johnmorrisgroup.com/__cypress/runner/cypress_runner.js:1519:31)\n    at Promise._settlePromise (https://www.johnmorrisgroup.com/__cypress/runner/cypress_runner.js:1576:18)\n    at Promise._settlePromise0 (https://www.johnmorrisgroup.com/__cypress/runner/cypress_runner.js:1621:10)\n    at Promise._settlePromises (https://www.johnmorrisgroup.com/__cypress/runner/cypress_runner.js:1697:18)\n    at _drainQueueStep (https://www.johnmorrisgroup.com/__cypress/runner/cypress_runner.js:2407:12)\n    at _drainQueue (https://www.johnmorrisgroup.com/__cypress/runner/cypress_runner.js:2400:9)\n    at Async._drainQueues (https://www.johnmorrisgroup.com/__cypress/runner/cypress_runner.js:2416:5)\n    at Async.drainQueues (https://www.johnmorrisgroup.com/__cypress/runner/cypress_runner.js:2286:14)",
                "diff": null
              },
              "uuid": "6ee807b1-0834-42a9-898e-009dd8520e6f",
              "parentUUID": "e44a1e6c-333a-45b9-9988-489bb702f349",
              "isHook": false,
              "skipped": false
            },
            {
              "title": "Check_Labortory_Subcategories_Drying racks",
              "fullTitle": "Products_And_SubCategories Check_Labortory_Subcategories_Drying racks",
              "timedOut": null,
              "duration": 5585,
              "state": "passed",
              "speed": "medium",
              "pass": true,
              "fail": false,
              "pending": false,
              "context": null,
              "code": "cy.viewport(1300, 660);\ncy.visit(\"https://www.johnmorrisgroup.com/products/laboratory?categoryId=68277\");\nproducts.clickDryingracks();\ncy.clearCookies();",
              "err": {},
              "uuid": "f3974bb8-37b6-429d-834a-564d15a8284b",
              "parentUUID": "e44a1e6c-333a-45b9-9988-489bb702f349",
              "isHook": false,
              "skipped": false
            },
            {
              "title": "Check_Labortory_Subcategories_Educational or vocational textbooks",
              "fullTitle": "Products_And_SubCategories Check_Labortory_Subcategories_Educational or vocational textbooks",
              "timedOut": null,
              "duration": 2914,
              "state": "passed",
              "speed": "fast",
              "pass": true,
              "fail": false,
              "pending": false,
              "context": null,
              "code": "cy.viewport(1300, 660);\ncy.visit(\"https://www.johnmorrisgroup.com/products/laboratory?categoryId=68277\");\nproducts.clickEducational();\ncy.clearCookies();",
              "err": {},
              "uuid": "aa27d65a-7050-4a43-85ad-a17cd0ff811e",
              "parentUUID": "e44a1e6c-333a-45b9-9988-489bb702f349",
              "isHook": false,
              "skipped": false
            },
            {
              "title": "Check_Labortory_Subcategories_Electrode holder",
              "fullTitle": "Products_And_SubCategories Check_Labortory_Subcategories_Electrode holder",
              "timedOut": null,
              "duration": 2935,
              "state": "passed",
              "speed": "fast",
              "pass": true,
              "fail": false,
              "pending": false,
              "context": null,
              "code": "cy.viewport(1300, 660);\ncy.visit(\"https://www.johnmorrisgroup.com/products/laboratory?categoryId=68277\");\nproducts.clickElectrodeholder();\ncy.clearCookies();",
              "err": {},
              "uuid": "0105b951-67f2-43c2-b641-d8a037416d14",
              "parentUUID": "e44a1e6c-333a-45b9-9988-489bb702f349",
              "isHook": false,
              "skipped": false
            },
            {
              "title": "Check_Labortory_Subcategories_Electronic counters",
              "fullTitle": "Products_And_SubCategories Check_Labortory_Subcategories_Electronic counters",
              "timedOut": null,
              "duration": 3467,
              "state": "passed",
              "speed": "fast",
              "pass": true,
              "fail": false,
              "pending": false,
              "context": null,
              "code": "cy.viewport(1300, 660);\ncy.visit(\"https://www.johnmorrisgroup.com/products/laboratory?categoryId=68277\");\nproducts.clickElectroniccounters();\ncy.clearCookies();",
              "err": {},
              "uuid": "a3209941-54b1-4bf9-85f4-d771d6118854",
              "parentUUID": "e44a1e6c-333a-45b9-9988-489bb702f349",
              "isHook": false,
              "skipped": false
            },
            {
              "title": "Check_Labortory_Subcategories_Electronic measuring probes",
              "fullTitle": "Products_And_SubCategories Check_Labortory_Subcategories_Electronic measuring probes",
              "timedOut": null,
              "duration": 3914,
              "state": "passed",
              "speed": "fast",
              "pass": true,
              "fail": false,
              "pending": false,
              "context": null,
              "code": "cy.viewport(1300, 660);\ncy.visit(\"https://www.johnmorrisgroup.com/products/laboratory?categoryId=68277\");\nproducts.clickElectronicmeasuring();\ncy.clearCookies();",
              "err": {},
              "uuid": "c2a89062-e491-497e-af15-357883bd99fa",
              "parentUUID": "e44a1e6c-333a-45b9-9988-489bb702f349",
              "isHook": false,
              "skipped": false
            },
            {
              "title": "Check_Labortory_Subcategories_Electronic multichannel pipetters",
              "fullTitle": "Products_And_SubCategories Check_Labortory_Subcategories_Electronic multichannel pipetters",
              "timedOut": null,
              "duration": 3172,
              "state": "passed",
              "speed": "fast",
              "pass": true,
              "fail": false,
              "pending": false,
              "context": null,
              "code": "cy.viewport(1300, 660);\ncy.visit(\"https://www.johnmorrisgroup.com/products/laboratory?categoryId=68277\");\nproducts.clickElectronicmultichannel();\ncy.clearCookies();",
              "err": {},
              "uuid": "7fa0e540-2dba-4b37-ada6-a0a0ea7312e1",
              "parentUUID": "e44a1e6c-333a-45b9-9988-489bb702f349",
              "isHook": false,
              "skipped": false
            },
            {
              "title": "Check_Labortory_Subcategories_Electronic single channel pipetters",
              "fullTitle": "Products_And_SubCategories Check_Labortory_Subcategories_Electronic single channel pipetters",
              "timedOut": null,
              "duration": 4580,
              "state": "passed",
              "speed": "fast",
              "pass": true,
              "fail": false,
              "pending": false,
              "context": null,
              "code": "cy.viewport(1300, 660);\ncy.visit(\"https://www.johnmorrisgroup.com/products/laboratory?categoryId=68277\");\nproducts.clickElectronicsingle();\ncy.clearCookies();",
              "err": {},
              "uuid": "26dc96ba-7148-4190-9914-7cea47e37a89",
              "parentUUID": "e44a1e6c-333a-45b9-9988-489bb702f349",
              "isHook": false,
              "skipped": false
            },
            {
              "title": "Check_Labortory_Subcategories_Electronic toploading balances",
              "fullTitle": "Products_And_SubCategories Check_Labortory_Subcategories_Electronic toploading balances",
              "timedOut": null,
              "duration": 2360,
              "state": "passed",
              "speed": "fast",
              "pass": true,
              "fail": false,
              "pending": false,
              "context": null,
              "code": "cy.viewport(1300, 660);\ncy.visit(\"https://www.johnmorrisgroup.com/products/laboratory?categoryId=68277\");\nproducts.clickElectronictoploading();\ncy.clearCookies();",
              "err": {},
              "uuid": "105c1af2-eaca-4552-bf1a-8aabb2ca8fd7",
              "parentUUID": "e44a1e6c-333a-45b9-9988-489bb702f349",
              "isHook": false,
              "skipped": false
            },
            {
              "title": "Check_Labortory_Subcategories_Electrophoresis system accessories",
              "fullTitle": "Products_And_SubCategories Check_Labortory_Subcategories_Electrophoresis system accessories",
              "timedOut": null,
              "duration": 2026,
              "state": "passed",
              "speed": "fast",
              "pass": true,
              "fail": false,
              "pending": false,
              "context": null,
              "code": "cy.viewport(1300, 660);\ncy.visit(\"https://www.johnmorrisgroup.com/products/laboratory?categoryId=68277\");\nproducts.clickElectrophoresissystem();\ncy.clearCookies();",
              "err": {},
              "uuid": "880298b2-53dd-447c-825b-cfdbb5cb8af4",
              "parentUUID": "e44a1e6c-333a-45b9-9988-489bb702f349",
              "isHook": false,
              "skipped": false
            },
            {
              "title": "Check_Labortory_Subcategories_Environmental test kits or supplies",
              "fullTitle": "Products_And_SubCategories Check_Labortory_Subcategories_Environmental test kits or supplies",
              "timedOut": null,
              "duration": 1584,
              "state": "passed",
              "speed": "fast",
              "pass": true,
              "fail": false,
              "pending": false,
              "context": null,
              "code": "cy.viewport(1300, 660);\ncy.visit(\"https://www.johnmorrisgroup.com/products/laboratory?categoryId=68277\");\nproducts.clickEnvironmentaltest();\ncy.clearCookies();",
              "err": {},
              "uuid": "e0ee46ac-3f88-4749-acc7-ebef28bff5c9",
              "parentUUID": "e44a1e6c-333a-45b9-9988-489bb702f349",
              "isHook": false,
              "skipped": false
            },
            {
              "title": "Check_Labortory_Subcategories_Equipment transportation case",
              "fullTitle": "Products_And_SubCategories Check_Labortory_Subcategories_Equipment transportation case",
              "timedOut": null,
              "duration": 2574,
              "state": "passed",
              "speed": "fast",
              "pass": true,
              "fail": false,
              "pending": false,
              "context": null,
              "code": "cy.viewport(1300, 660);\ncy.visit(\"https://www.johnmorrisgroup.com/products/laboratory?categoryId=68277\");\nproducts.clickEquipmenttransportation();\ncy.clearCookies();",
              "err": {},
              "uuid": "d384ba78-97ca-407a-b47e-92ed9125f043",
              "parentUUID": "e44a1e6c-333a-45b9-9988-489bb702f349",
              "isHook": false,
              "skipped": false
            }
          ],
          "suites": [],
          "passes": [
            "f1f49ea6-226f-44f3-98dc-483666f725f5",
            "42949a16-b5d0-41cc-8578-874ba69c0283",
            "832429b5-a077-4410-a58c-33659c1eb515",
            "43873192-425c-4540-86ab-f1e6a761dd8b",
            "1f4aaca4-98f7-4ea0-9030-08b37c00b4bf",
            "9fb009cb-7654-4b39-8a98-d01d7e970ccf",
            "5ebdf4c7-947f-4415-bebf-7806df0dca1c",
            "d1ed8bfa-5ac9-443e-a173-637ef14294dd",
            "4c3bce3a-7e47-405f-b06d-e6cb425dcea4",
            "751e7eb7-d68d-401a-98e4-56857f8b9170",
            "0cd10e36-0de3-4b5b-a9a1-caf3fbee5180",
            "3a94393f-d464-470b-84ed-6ec6c8b0c5a8",
            "eae62586-4b1a-4581-b84a-2f46a9c916e8",
            "ac63a90f-73e1-42f7-a7e7-0f7fe4624d3c",
            "d638637e-06ed-4c97-93a5-f3513863e84b",
            "7076fa74-e2fb-4d50-baae-c3a00729a06f",
            "758910f3-6ce8-416e-bcfa-003b7eaed0e9",
            "650f34fc-f007-4969-aae0-29ae307e558d",
            "cd33345c-49e0-49dc-8a91-f5a5baf99506",
            "a3796ac1-dc8b-407a-821d-10276f7e3bce",
            "b590392d-463c-495d-9460-b540f18d27b7",
            "18ab93f7-1a72-4646-a6c9-c903de0d23f7",
            "1db4429f-e9c1-45e2-8b52-19be298d584e",
            "6ad45999-bbbb-4aea-afc4-fad9b3ddc4e9",
            "8ed4c17b-0e33-424a-92ee-a1c9097d01dd",
            "975c33cd-abe1-4944-8d1d-6104f20754d0",
            "4c1c47af-abeb-49fb-bd94-dfad5be3f215",
            "6316de2f-e99f-46f6-85c2-270726a34c64",
            "5739e6c2-55a0-413d-8968-33d598a09c19",
            "649f03cd-80e2-4a23-8f1a-cf7eb52af1b0",
            "09b7cfb1-262e-4c75-950d-4aac925b2938",
            "206fde84-fd36-4308-b692-bccfc237f87d",
            "af8c7916-6ff8-4f28-86b9-f1ed540fd0e0",
            "263dc2a2-1b5d-4921-bff3-890a6316627f",
            "847e22e2-647f-4624-9bae-6efd583da943",
            "97e90118-90f2-4730-96bd-2b3f3c41cf24",
            "d7600130-d248-49c7-a8f2-c507f683588a",
            "ee6170a2-133b-4ea0-937e-96f16a886b1e",
            "3730112a-34ae-4c63-8549-ad42944186f6",
            "f37a371c-1558-4a40-828f-d0dc23b94918",
            "6c2a459f-c6ca-4941-9a0f-84bbd0d3e749",
            "8864dc21-0e53-43d3-933b-ff85168759fc",
            "5d045488-4c02-46c1-9aa5-1f8ae09c050e",
            "f1d44648-eaca-4e7b-a126-7e56d9efcc7d",
            "043e22c8-4034-4877-84a5-71e1d707aed0",
            "9b803148-e224-4e64-b046-27a0fe70ffee",
            "c02e629a-bd73-49da-8d8c-e61465c52243",
            "8ec226a1-1116-432b-aabb-ff461ad56b8e",
            "1a399df4-e20c-448a-8a69-61506eac59cb",
            "ffe17962-87b7-439b-a0ac-baaecbf5be82",
            "11592e64-36fa-4ab4-9268-a46269f3a9e0",
            "4f684393-c4c1-4e09-a30f-72c822ec9fb9",
            "64693eb6-b454-48c9-b6b7-9ba8d8cd91d3",
            "9488651d-a32c-4325-ba0c-bfd551f9b3ae",
            "e1ae80aa-6e19-4c72-8699-940deaa1d113",
            "c6ff23e3-0f9d-41f6-9891-cb4e2f263c16",
            "3c038d9a-e654-47a2-8d7c-8af7857dafef",
            "25666c33-0b53-4cb4-8b3d-e88d720f16f3",
            "e268857d-288c-4182-9759-95ecf1c79c8d",
            "8b568e91-9c46-4a83-b2d4-a8b4fda08f34",
            "e7f5ae80-2e35-4cac-929e-8c893bd01661",
            "a9842555-f36c-4947-99a8-b909b1cbd200",
            "d1f70abf-78f1-4039-b518-f15045d36e14",
            "7893e564-e636-4c50-bab7-58225ee4904a",
            "f2731a9a-e920-44b7-8c26-9b42262193b9",
            "a99fdc6c-bf64-46d0-a227-0df60eb89470",
            "db60feb7-a0ec-4a6f-9818-e11c9fb693ce",
            "68c7f600-4e4d-4477-a32c-0f5290f978cf",
            "630538dc-ee60-44f6-8c98-4282f9fdf644",
            "f084b51b-af2a-4012-99b3-1b66fd8ccc7e",
            "558cb997-61de-42ed-bfcf-d4b830310ade",
            "2d1f6b02-ac79-45ac-9658-9e52539ba037",
            "8a462fea-9f08-4e36-a755-539b198607bf",
            "2e1e4e5f-cca6-44ed-97d0-f1ea1e79a134",
            "7810e742-eba6-4a96-9a19-66e41e904eeb",
            "b6021c46-be55-4c0a-9761-9315b53062fd",
            "abaccfdb-7dac-4cf9-aefd-2a8a42f84135",
            "94b74716-f959-4c43-bc22-40017682f0c1",
            "bd5a54b5-8022-4b90-890b-1d0341f1202b",
            "f3974bb8-37b6-429d-834a-564d15a8284b",
            "aa27d65a-7050-4a43-85ad-a17cd0ff811e",
            "0105b951-67f2-43c2-b641-d8a037416d14",
            "a3209941-54b1-4bf9-85f4-d771d6118854",
            "c2a89062-e491-497e-af15-357883bd99fa",
            "7fa0e540-2dba-4b37-ada6-a0a0ea7312e1",
            "26dc96ba-7148-4190-9914-7cea47e37a89",
            "105c1af2-eaca-4552-bf1a-8aabb2ca8fd7",
            "880298b2-53dd-447c-825b-cfdbb5cb8af4",
            "e0ee46ac-3f88-4749-acc7-ebef28bff5c9",
            "d384ba78-97ca-407a-b47e-92ed9125f043"
          ],
          "failures": [
            "35560dc6-f9fc-4535-99ad-80a6547619d3",
            "b65f91ae-b765-43e6-a8a8-7753422573f8",
            "51075efa-1dca-4548-af57-8e322d57c1b8",
            "24b7f9be-32d2-43c4-a669-766e00a317c4",
            "6ee807b1-0834-42a9-898e-009dd8520e6f"
          ],
          "pending": [],
          "skipped": [],
          "duration": 543639,
          "root": false,
          "rootEmpty": false,
          "_timeout": 2000
        }
      ],
      "passes": [],
      "failures": [],
      "pending": [],
      "skipped": [],
      "duration": 0,
      "root": true,
      "rootEmpty": true,
      "_timeout": 2000
    }
  ],
  "meta": {
    "mocha": {
      "version": "7.0.1"
    },
    "mochawesome": {
      "options": {
        "quiet": false,
        "reportFilename": "mochawesome",
        "saveHtml": false,
        "saveJson": true,
        "consoleReporter": "spec",
        "useInlineDiffs": false,
        "code": true
      },
      "version": "7.1.3"
    },
    "marge": {
      "options": {
        "charts": true,
        "overwrite": false,
        "html": false,
        "json": true,
        "reportDir": "cypress/reports"
      },
      "version": "6.2.0"
    }
  }
}